#
# There is insufficient memory for the Java Runtime Environment to continue.
# Native memory allocation (malloc) failed to allocate 2578032 bytes for Chunk::new
# Possible reasons:
#   The system is out of physical RAM or swap space
#   The process is running with CompressedOops enabled, and the Java Heap may be blocking the growth of the native heap
# Possible solutions:
#   Reduce memory load on the system
#   Increase physical memory or swap space
#   Check if swap backing store is full
#   Decrease Java heap size (-Xmx/-Xms)
#   Decrease number of Java threads
#   Decrease Java thread stack sizes (-Xss)
#   Set larger code cache with -XX:ReservedCodeCacheSize=
#   JVM is running with Unscaled Compressed Oops mode in which the Java heap is
#     placed in the first 4GB address space. The Java Heap base address is the
#     maximum limit for the native heap growth. Please use -XX:HeapBaseMinAddress
#     to set the Java Heap base and to place the Java Heap above 4GB virtual address.
# This output file may be truncated or incomplete.
#
#  Out of Memory Error (allocation.cpp:389), pid=14036, tid=0x0000000000004f90
#
# JRE version: Java(TM) SE Runtime Environment (8.0_301-b09) (build 1.8.0_301-b09)
# Java VM: Java HotSpot(TM) 64-Bit Server VM (25.301-b09 mixed mode windows-amd64 compressed oops)
# Failed to write core dump. Minidumps are not enabled by default on client versions of Windows
#

---------------  T H R E A D  ---------------

Current thread (0x0000028c3e4c8000):  JavaThread "C2 CompilerThread1" daemon [_thread_in_native, id=20368, stack(0x000000f536b00000,0x000000f536c00000)]

Stack: [0x000000f536b00000,0x000000f536c00000]
Native frames: (J=compiled Java code, j=interpreted, Vv=VM code, C=native code)
V  [jvm.dll+0x32ed79]
V  [jvm.dll+0x275722]
V  [jvm.dll+0x2763cd]
V  [jvm.dll+0x26ce05]
V  [jvm.dll+0xd551c]
V  [jvm.dll+0xd5d1c]
V  [jvm.dll+0x470195]
V  [jvm.dll+0x437c50]
V  [jvm.dll+0x440c55]
V  [jvm.dll+0x440015]
V  [jvm.dll+0x42ae57]
V  [jvm.dll+0xac1bb]
V  [jvm.dll+0xaa81b]
V  [jvm.dll+0x23ddc2]
V  [jvm.dll+0x2923dc]
C  [ucrtbase.dll+0x21bb2]
C  [KERNEL32.DLL+0x17034]
C  [ntdll.dll+0x52651]


Current CompileTask:
C2:  38113 5823  s    4       java.lang.reflect.Field::declaredAnnotations (59 bytes)


---------------  P R O C E S S  ---------------

Java Threads: ( => current thread )
  0x0000028c3e5a2000 JavaThread "HikariPool-1 connection adder" daemon [_thread_in_native, id=6848, stack(0x000000f537700000,0x000000f537800000)]
  0x0000028c46e28000 JavaThread "HikariPool-1 housekeeper" daemon [_thread_blocked, id=2600, stack(0x000000f537400000,0x000000f537500000)]
  0x0000028c46e27800 JavaThread "PostgreSQL-JDBC-SharedTimer-1" daemon [_thread_blocked, id=16928, stack(0x000000f537300000,0x000000f537400000)]
  0x0000028c41e97800 JavaThread "Keep-Alive-Timer" daemon [_thread_blocked, id=19740, stack(0x000000f537200000,0x000000f537300000)]
  0x0000028c3e46a800 JavaThread "restartedMain" [_thread_in_Java, id=15092, stack(0x000000f537000000,0x000000f537100000)]
  0x0000028c3df84800 JavaThread "Thread-0" [_thread_blocked, id=19640, stack(0x000000f536f00000,0x000000f537000000)]
  0x0000028c3e570800 JavaThread "Service Thread" daemon [_thread_blocked, id=11416, stack(0x000000f536d00000,0x000000f536e00000)]
  0x0000028c3e4a2800 JavaThread "C1 CompilerThread2" daemon [_thread_blocked, id=9196, stack(0x000000f536c00000,0x000000f536d00000)]
=>0x0000028c3e4c8000 JavaThread "C2 CompilerThread1" daemon [_thread_in_native, id=20368, stack(0x000000f536b00000,0x000000f536c00000)]
  0x0000028c3e474800 JavaThread "C2 CompilerThread0" daemon [_thread_in_native, id=17184, stack(0x000000f536a00000,0x000000f536b00000)]
  0x0000028c3c8ae000 JavaThread "JDWP Command Reader" daemon [_thread_in_native, id=14872, stack(0x000000f536900000,0x000000f536a00000)]
  0x0000028c3c8ac800 JavaThread "JDWP Event Helper Thread" daemon [_thread_blocked, id=9416, stack(0x000000f536800000,0x000000f536900000)]
  0x0000028c3c89b800 JavaThread "JDWP Transport Listener: dt_socket" daemon [_thread_blocked, id=10820, stack(0x000000f536700000,0x000000f536800000)]
  0x0000028c3c88d800 JavaThread "Attach Listener" daemon [_thread_blocked, id=15412, stack(0x000000f536600000,0x000000f536700000)]
  0x0000028c3c88c800 JavaThread "Signal Dispatcher" daemon [_thread_blocked, id=6008, stack(0x000000f536500000,0x000000f536600000)]
  0x0000028c26640000 JavaThread "Finalizer" daemon [_thread_blocked, id=1224, stack(0x000000f536400000,0x000000f536500000)]
  0x0000028c3c873800 JavaThread "Reference Handler" daemon [_thread_blocked, id=20212, stack(0x000000f536300000,0x000000f536400000)]
  0x0000028c265af000 JavaThread "main" [_thread_blocked, id=2728, stack(0x000000f535d00000,0x000000f535e00000)]

Other Threads:
  0x0000028c3c851800 VMThread [stack: 0x000000f536200000,0x000000f536300000] [id=10336]
  0x0000028c3e599000 WatcherThread [stack: 0x000000f536e00000,0x000000f536f00000] [id=16900]

VM state:not at safepoint (normal execution)

VM Mutex/Monitor currently owned by a thread: None

heap address: 0x0000000081c00000, size: 2020 MB, Compressed Oops mode: 32-bit
Narrow klass base: 0x0000000000000000, Narrow klass shift: 3
Compressed class space size: 1073741824 Address: 0x0000000100000000

Heap:
 PSYoungGen      total 513024K, used 70836K [0x00000000d5f00000, 0x0000000100000000, 0x0000000100000000)
  eden space 494080K, 14% used [0x00000000d5f00000,0x00000000da42d2a8,0x00000000f4180000)
  from space 18944K, 0% used [0x00000000f4180000,0x00000000f4180000,0x00000000f5400000)
  to   space 18432K, 0% used [0x00000000fee00000,0x00000000fee00000,0x0000000100000000)
 ParOldGen       total 112128K, used 36678K [0x0000000081c00000, 0x0000000088980000, 0x00000000d5f00000)
  object space 112128K, 32% used [0x0000000081c00000,0x0000000083fd1ba8,0x0000000088980000)
 Metaspace       used 60182K, capacity 62956K, committed 63232K, reserved 1103872K
  class space    used 7925K, capacity 8443K, committed 8448K, reserved 1048576K

Card table byte_map: [0x0000028c372b0000,0x0000028c376b0000] byte_map_base: 0x0000028c36ea2000

Marking Bits: (ParMarkBitMap*) 0x00000000635f7fe0
 Begin Bits: [0x0000028c37960000, 0x0000028c398f0000)
 End Bits:   [0x0000028c398f0000, 0x0000028c3b880000)

Polling page: 0x0000028c26660000

CodeCache: size=245760Kb used=20173Kb max_used=20214Kb free=225586Kb
 bounds [0x0000028c27ef0000, 0x0000028c29320000, 0x0000028c36ef0000]
 total_blobs=5724 nmethods=5237 adapters=407
 compilation: enabled

Compilation events (10 events):
Event: 38.046 Thread 0x0000028c3e4a2800 6121       2       org.hibernate.cfg.annotations.SimpleValueBinder::linkWithValue (114 bytes)
Event: 38.047 Thread 0x0000028c3e4a2800 nmethod 6121 0x0000028c290a1d10 code [0x0000028c290a1ec0, 0x0000028c290a2380]
Event: 38.047 Thread 0x0000028c3e4a2800 6122       2       org.hibernate.cfg.Ejb3Column::isNameDeferred (26 bytes)
Event: 38.047 Thread 0x0000028c3e4a2800 nmethod 6122 0x0000028c290a18d0 code [0x0000028c290a1a20, 0x0000028c290a1bf8]
Event: 38.047 Thread 0x0000028c3e4a2800 6123       2       org.hibernate.cfg.Ejb3Column::linkWithValue (67 bytes)
Event: 38.047 Thread 0x0000028c3e4a2800 nmethod 6123 0x0000028c290a12d0 code [0x0000028c290a1460, 0x0000028c290a1700]
Event: 38.047 Thread 0x0000028c3e4a2800 6124       2       org.hibernate.mapping.SimpleValue::addColumn (143 bytes)
Event: 38.048 Thread 0x0000028c3e4a2800 nmethod 6124 0x0000028c290a0790 code [0x0000028c290a09a0, 0x0000028c290a0ed0]
Event: 38.048 Thread 0x0000028c3e4a2800 6120       2       org.hibernate.cfg.annotations.SimpleValueBinder::validate (12 bytes)
Event: 38.048 Thread 0x0000028c3e4a2800 nmethod 6120 0x0000028c290a0410 code [0x0000028c290a0580, 0x0000028c290a0710]

GC Heap History (10 events):
Event: 19.725 GC heap before
{Heap before GC invocations=12 (full 2):
 PSYoungGen      total 367104K, used 11282K [0x00000000d5f00000, 0x00000000ef580000, 0x0000000100000000)
  eden space 352768K, 0% used [0x00000000d5f00000,0x00000000d5f00000,0x00000000eb780000)
  from space 14336K, 78% used [0x00000000ec680000,0x00000000ed184bb0,0x00000000ed480000)
  to   space 15360K, 0% used [0x00000000eb780000,0x00000000eb780000,0x00000000ec680000)
 ParOldGen       total 51200K, used 18606K [0x0000000081c00000, 0x0000000084e00000, 0x00000000d5f00000)
  object space 51200K, 36% used [0x0000000081c00000,0x0000000082e2bae8,0x0000000084e00000)
 Metaspace       used 34019K, capacity 35400K, committed 35496K, reserved 1081344K
  class space    used 4268K, capacity 4560K, committed 4608K, reserved 1048576K
Event: 19.832 GC heap after
Heap after GC invocations=12 (full 2):
 PSYoungGen      total 367104K, used 0K [0x00000000d5f00000, 0x00000000ef580000, 0x0000000100000000)
  eden space 352768K, 0% used [0x00000000d5f00000,0x00000000d5f00000,0x00000000eb780000)
  from space 14336K, 0% used [0x00000000ec680000,0x00000000ec680000,0x00000000ed480000)
  to   space 15360K, 0% used [0x00000000eb780000,0x00000000eb780000,0x00000000ec680000)
 ParOldGen       total 75776K, used 19711K [0x0000000081c00000, 0x0000000086600000, 0x00000000d5f00000)
  object space 75776K, 26% used [0x0000000081c00000,0x0000000082f3fe50,0x0000000086600000)
 Metaspace       used 34019K, capacity 35400K, committed 35496K, reserved 1081344K
  class space    used 4268K, capacity 4560K, committed 4608K, reserved 1048576K
}
Event: 26.597 GC heap before
{Heap before GC invocations=13 (full 2):
 PSYoungGen      total 367104K, used 352768K [0x00000000d5f00000, 0x00000000ef580000, 0x0000000100000000)
  eden space 352768K, 100% used [0x00000000d5f00000,0x00000000eb780000,0x00000000eb780000)
  from space 14336K, 0% used [0x00000000ec680000,0x00000000ec680000,0x00000000ed480000)
  to   space 15360K, 0% used [0x00000000eb780000,0x00000000eb780000,0x00000000ec680000)
 ParOldGen       total 75776K, used 19711K [0x0000000081c00000, 0x0000000086600000, 0x00000000d5f00000)
  object space 75776K, 26% used [0x0000000081c00000,0x0000000082f3fe50,0x0000000086600000)
 Metaspace       used 45989K, capacity 48190K, committed 48384K, reserved 1091584K
  class space    used 5963K, capacity 6355K, committed 6400K, reserved 1048576K
Event: 26.726 GC heap after
Heap after GC invocations=13 (full 2):
 PSYoungGen      total 368128K, used 15356K [0x00000000d5f00000, 0x00000000f6b00000, 0x0000000100000000)
  eden space 352768K, 0% used [0x00000000d5f00000,0x00000000d5f00000,0x00000000eb780000)
  from space 15360K, 99% used [0x00000000eb780000,0x00000000ec67f0d0,0x00000000ec680000)
  to   space 18432K, 0% used [0x00000000f5900000,0x00000000f5900000,0x00000000f6b00000)
 ParOldGen       total 75776K, used 22392K [0x0000000081c00000, 0x0000000086600000, 0x00000000d5f00000)
  object space 75776K, 29% used [0x0000000081c00000,0x00000000831de1b8,0x0000000086600000)
 Metaspace       used 45989K, capacity 48190K, committed 48384K, reserved 1091584K
  class space    used 5963K, capacity 6355K, committed 6400K, reserved 1048576K
}
Event: 33.341 GC heap before
{Heap before GC invocations=14 (full 2):
 PSYoungGen      total 368128K, used 368124K [0x00000000d5f00000, 0x00000000f6b00000, 0x0000000100000000)
  eden space 352768K, 100% used [0x00000000d5f00000,0x00000000eb780000,0x00000000eb780000)
  from space 15360K, 99% used [0x00000000eb780000,0x00000000ec67f0d0,0x00000000ec680000)
  to   space 18432K, 0% used [0x00000000f5900000,0x00000000f5900000,0x00000000f6b00000)
 ParOldGen       total 75776K, used 22392K [0x0000000081c00000, 0x0000000086600000, 0x00000000d5f00000)
  object space 75776K, 29% used [0x0000000081c00000,0x00000000831de1b8,0x0000000086600000)
 Metaspace       used 51783K, capacity 54362K, committed 54528K, reserved 1097728K
  class space    used 6664K, capacity 7112K, committed 7168K, reserved 1048576K
Event: 33.405 GC heap after
Heap after GC invocations=14 (full 2):
 PSYoungGen      total 507904K, used 12677K [0x00000000d5f00000, 0x00000000f6680000, 0x0000000100000000)
  eden space 494080K, 0% used [0x00000000d5f00000,0x00000000d5f00000,0x00000000f4180000)
  from space 13824K, 91% used [0x00000000f5900000,0x00000000f6561628,0x00000000f6680000)
  to   space 18944K, 0% used [0x00000000f4180000,0x00000000f4180000,0x00000000f5400000)
 ParOldGen       total 75776K, used 31592K [0x0000000081c00000, 0x0000000086600000, 0x00000000d5f00000)
  object space 75776K, 41% used [0x0000000081c00000,0x0000000083ada0a0,0x0000000086600000)
 Metaspace       used 51783K, capacity 54362K, committed 54528K, reserved 1097728K
  class space    used 6664K, capacity 7112K, committed 7168K, reserved 1048576K
}
Event: 34.964 GC heap before
{Heap before GC invocations=15 (full 2):
 PSYoungGen      total 507904K, used 120763K [0x00000000d5f00000, 0x00000000f6680000, 0x0000000100000000)
  eden space 494080K, 21% used [0x00000000d5f00000,0x00000000dc88d710,0x00000000f4180000)
  from space 13824K, 91% used [0x00000000f5900000,0x00000000f6561628,0x00000000f6680000)
  to   space 18944K, 0% used [0x00000000f4180000,0x00000000f4180000,0x00000000f5400000)
 ParOldGen       total 75776K, used 31592K [0x0000000081c00000, 0x0000000086600000, 0x00000000d5f00000)
  object space 75776K, 41% used [0x0000000081c00000,0x0000000083ada0a0,0x0000000086600000)
 Metaspace       used 56431K, capacity 59062K, committed 59136K, reserved 1099776K
  class space    used 7468K, capacity 7912K, committed 7936K, reserved 1048576K
Event: 34.980 GC heap after
Heap after GC invocations=15 (full 2):
 PSYoungGen      total 513024K, used 4782K [0x00000000d5f00000, 0x0000000100000000, 0x0000000100000000)
  eden space 494080K, 0% used [0x00000000d5f00000,0x00000000d5f00000,0x00000000f4180000)
  from space 18944K, 25% used [0x00000000f4180000,0x00000000f462b868,0x00000000f5400000)
  to   space 18432K, 0% used [0x00000000fee00000,0x00000000fee00000,0x0000000100000000)
 ParOldGen       total 75776K, used 40174K [0x0000000081c00000, 0x0000000086600000, 0x00000000d5f00000)
  object space 75776K, 53% used [0x0000000081c00000,0x000000008433b908,0x0000000086600000)
 Metaspace       used 56431K, capacity 59062K, committed 59136K, reserved 1099776K
  class space    used 7468K, capacity 7912K, committed 7936K, reserved 1048576K
}
Event: 34.980 GC heap before
{Heap before GC invocations=16 (full 3):
 PSYoungGen      total 513024K, used 4782K [0x00000000d5f00000, 0x0000000100000000, 0x0000000100000000)
  eden space 494080K, 0% used [0x00000000d5f00000,0x00000000d5f00000,0x00000000f4180000)
  from space 18944K, 25% used [0x00000000f4180000,0x00000000f462b868,0x00000000f5400000)
  to   space 18432K, 0% used [0x00000000fee00000,0x00000000fee00000,0x0000000100000000)
 ParOldGen       total 75776K, used 40174K [0x0000000081c00000, 0x0000000086600000, 0x00000000d5f00000)
  object space 75776K, 53% used [0x0000000081c00000,0x000000008433b908,0x0000000086600000)
 Metaspace       used 56431K, capacity 59062K, committed 59136K, reserved 1099776K
  class space    used 7468K, capacity 7912K, committed 7936K, reserved 1048576K
Event: 35.248 GC heap after
Heap after GC invocations=16 (full 3):
 PSYoungGen      total 513024K, used 0K [0x00000000d5f00000, 0x0000000100000000, 0x0000000100000000)
  eden space 494080K, 0% used [0x00000000d5f00000,0x00000000d5f00000,0x00000000f4180000)
  from space 18944K, 0% used [0x00000000f4180000,0x00000000f4180000,0x00000000f5400000)
  to   space 18432K, 0% used [0x00000000fee00000,0x00000000fee00000,0x0000000100000000)
 ParOldGen       total 112128K, used 36678K [0x0000000081c00000, 0x0000000088980000, 0x00000000d5f00000)
  object space 112128K, 32% used [0x0000000081c00000,0x0000000083fd1ba8,0x0000000088980000)
 Metaspace       used 56431K, capacity 59062K, committed 59136K, reserved 1099776K
  class space    used 7468K, capacity 7912K, committed 7936K, reserved 1048576K
}

Deoptimization events (10 events):
Event: 35.259 Thread 0x0000028c3e570800 Uncommon trap: reason=bimorphic action=maybe_recompile pc=0x0000028c28d83dc8 method=java.util.concurrent.ConcurrentHashMap.computeIfAbsent(Ljava/lang/Object;Ljava/util/function/Function;)Ljava/lang/Object; @ 17
Event: 35.831 Thread 0x0000028c3e46a800 Uncommon trap: reason=bimorphic action=maybe_recompile pc=0x0000028c285028e0 method=java.lang.ClassLoader.loadClass(Ljava/lang/String;Z)Ljava/lang/Class; @ 70
Event: 35.916 Thread 0x0000028c3e5a2000 Uncommon trap: reason=class_check action=maybe_recompile pc=0x0000028c2843655c method=java.util.regex.Matcher.search(I)Z @ 86
Event: 35.916 Thread 0x0000028c3e5a2000 Uncommon trap: reason=class_check action=maybe_recompile pc=0x0000028c2843655c method=java.util.regex.Matcher.search(I)Z @ 86
Event: 37.405 Thread 0x0000028c3e46a800 Uncommon trap: reason=class_check action=maybe_recompile pc=0x0000028c280d4e1c method=java.util.TreeMap.getEntry(Ljava/lang/Object;)Ljava/util/TreeMap$Entry; @ 26
Event: 37.405 Thread 0x0000028c3e46a800 Uncommon trap: reason=class_check action=maybe_recompile pc=0x0000028c280d4e1c method=java.util.TreeMap.getEntry(Ljava/lang/Object;)Ljava/util/TreeMap$Entry; @ 26
Event: 37.405 Thread 0x0000028c3e46a800 Uncommon trap: reason=class_check action=maybe_recompile pc=0x0000028c280d4e1c method=java.util.TreeMap.getEntry(Ljava/lang/Object;)Ljava/util/TreeMap$Entry; @ 26
Event: 37.601 Thread 0x0000028c3e46a800 Uncommon trap: reason=unstable_if action=reinterpret pc=0x0000028c284ca04c method=java.util.ArrayList.indexOf(Ljava/lang/Object;)I @ 1
Event: 37.643 Thread 0x0000028c3e46a800 Uncommon trap: reason=class_check action=maybe_recompile pc=0x0000028c280d4e1c method=java.util.TreeMap.getEntry(Ljava/lang/Object;)Ljava/util/TreeMap$Entry; @ 26
Event: 37.819 Thread 0x0000028c3e46a800 Uncommon trap: reason=null_check action=make_not_entrant pc=0x0000028c28f6bb70 method=java.lang.Class.createAnnotationData(I)Ljava/lang/Class$AnnotationData; @ 14

Classes redefined (0 events):
No events

Internal exceptions (10 events):
Event: 32.660 Thread 0x0000028c3e46a800 Exception <a 'java/lang/ClassNotFoundException': org/springframework/beans/factory/BeanClassLoaderAwareCustomizer> (0x00000000eab26e18) thrown at [C:\jenkins\workspace\8-2-build-windows-amd64-cygwin\jdk8u301\1513\hotspot\src\share\vm\classfile\systemDicti
Event: 32.662 Thread 0x0000028c3e46a800 Exception <a 'java/lang/ClassNotFoundException': org/springframework/beans/factory/AwareCustomizer> (0x00000000eab66780) thrown at [C:\jenkins\workspace\8-2-build-windows-amd64-cygwin\jdk8u301\1513\hotspot\src\share\vm\classfile\systemDictionary.cpp, line
Event: 32.664 Thread 0x0000028c3e46a800 Exception <a 'java/lang/ClassNotFoundException': org/springframework/beans/factory/BeanFactoryAwareCustomizer> (0x00000000eabaebd0) thrown at [C:\jenkins\workspace\8-2-build-windows-amd64-cygwin\jdk8u301\1513\hotspot\src\share\vm\classfile\systemDictionar
Event: 32.666 Thread 0x0000028c3e46a800 Exception <a 'java/lang/ClassNotFoundException': org/springframework/beans/factory/AwareCustomizer> (0x00000000eabeea98) thrown at [C:\jenkins\workspace\8-2-build-windows-amd64-cygwin\jdk8u301\1513\hotspot\src\share\vm\classfile\systemDictionary.cpp, line
Event: 32.667 Thread 0x0000028c3e46a800 Exception <a 'java/lang/ClassNotFoundException': org/springframework/beans/factory/BeanNameAwareCustomizer> (0x00000000eac33ff0) thrown at [C:\jenkins\workspace\8-2-build-windows-amd64-cygwin\jdk8u301\1513\hotspot\src\share\vm\classfile\systemDictionary.c
Event: 32.669 Thread 0x0000028c3e46a800 Exception <a 'java/lang/ClassNotFoundException': org/springframework/beans/factory/AwareCustomizer> (0x00000000eac739b0) thrown at [C:\jenkins\workspace\8-2-build-windows-amd64-cygwin\jdk8u301\1513\hotspot\src\share\vm\classfile\systemDictionary.cpp, line
Event: 32.670 Thread 0x0000028c3e46a800 Exception <a 'java/lang/ClassNotFoundException': org/springframework/beans/factory/InitializingBeanCustomizer> (0x00000000eacbbe00) thrown at [C:\jenkins\workspace\8-2-build-windows-amd64-cygwin\jdk8u301\1513\hotspot\src\share\vm\classfile\systemDictionar
Event: 32.671 Thread 0x0000028c3e46a800 Exception <a 'java/lang/ClassNotFoundException': org/springframework/beans/factory/DisposableBeanCustomizer> (0x00000000ead017c0) thrown at [C:\jenkins\workspace\8-2-build-windows-amd64-cygwin\jdk8u301\1513\hotspot\src\share\vm\classfile\systemDictionary.
Event: 32.673 Thread 0x0000028c3e46a800 Exception <a 'java/lang/ClassNotFoundException': org/springframework/orm/jpa/EntityManagerFactoryInfoCustomizer> (0x00000000ead4bb30) thrown at [C:\jenkins\workspace\8-2-build-windows-amd64-cygwin\jdk8u301\1513\hotspot\src\share\vm\classfile\systemDiction
Event: 32.674 Thread 0x0000028c3e46a800 Exception <a 'java/lang/ClassNotFoundException': org/springframework/dao/support/PersistenceExceptionTranslatorCustomizer> (0x00000000eadaafa8) thrown at [C:\jenkins\workspace\8-2-build-windows-amd64-cygwin\jdk8u301\1513\hotspot\src\share\vm\classfile\sys

Events (10 events):
Event: 37.837 Thread 0x0000028c3e46a800 DEOPT PACKING pc=0x0000028c28c7c968 sp=0x000000f5370f6e90
Event: 37.837 Thread 0x0000028c3e46a800 DEOPT UNPACKING pc=0x0000028c27f37898 sp=0x000000f5370f6b60 mode 1
Event: 37.838 loading class org/hibernate/boot/model/naming/EntityNaming
Event: 37.838 loading class org/hibernate/boot/model/naming/EntityNaming done
Event: 37.838 Thread 0x0000028c3e46a800 DEOPT PACKING pc=0x0000028c28c7c968 sp=0x000000f5370f60b0
Event: 37.838 Thread 0x0000028c3e46a800 DEOPT UNPACKING pc=0x0000028c27f37898 sp=0x000000f5370f5d80 mode 1
Event: 37.838 loading class org/hibernate/cfg/annotations/EntityBinder$EntityTableNamingStrategyHelper$1$1
Event: 37.838 loading class org/hibernate/cfg/annotations/EntityBinder$EntityTableNamingStrategyHelper$1$1 done
Event: 37.838 Thread 0x0000028c3e46a800 DEOPT PACKING pc=0x0000028c28c7c968 sp=0x000000f5370f6e20
Event: 37.838 Thread 0x0000028c3e46a800 DEOPT UNPACKING pc=0x0000028c27f37898 sp=0x000000f5370f6af0 mode 1


Dynamic libraries:
0x00007ff61bc90000 - 0x00007ff61bcd7000 	C:\Program Files\Java\jdk1.8.0_301\bin\java.exe
0x00007ffe61610000 - 0x00007ffe61805000 	C:\Windows\SYSTEM32\ntdll.dll
0x00007ffe5fe50000 - 0x00007ffe5ff0e000 	C:\Windows\System32\KERNEL32.DLL
0x00007ffe5ef30000 - 0x00007ffe5f1f8000 	C:\Windows\System32\KERNELBASE.dll
0x00007ffe5fd30000 - 0x00007ffe5fddc000 	C:\Windows\System32\ADVAPI32.dll
0x00007ffe5f650000 - 0x00007ffe5f6ee000 	C:\Windows\System32\msvcrt.dll
0x00007ffe60390000 - 0x00007ffe6042b000 	C:\Windows\System32\sechost.dll
0x00007ffe60730000 - 0x00007ffe6085a000 	C:\Windows\System32\RPCRT4.dll
0x00007ffe5fb70000 - 0x00007ffe5fd11000 	C:\Windows\System32\USER32.dll
0x00007ffe5f570000 - 0x00007ffe5f592000 	C:\Windows\System32\win32u.dll
0x00007ffe5fe20000 - 0x00007ffe5fe4b000 	C:\Windows\System32\GDI32.dll
0x00007ffe5ee20000 - 0x00007ffe5ef2d000 	C:\Windows\System32\gdi32full.dll
0x00007ffe5f410000 - 0x00007ffe5f4ad000 	C:\Windows\System32\msvcp_win.dll
0x00007ffe5ed20000 - 0x00007ffe5ee20000 	C:\Windows\System32\ucrtbase.dll
0x00007ffe49430000 - 0x00007ffe496ca000 	C:\Windows\WinSxS\amd64_microsoft.windows.common-controls_6595b64144ccf1df_6.0.19041.1110_none_60b5254171f9507e\COMCTL32.dll
0x00007ffe5fde0000 - 0x00007ffe5fe10000 	C:\Windows\System32\IMM32.DLL
0x00007ffe448e0000 - 0x00007ffe448f5000 	C:\Program Files\Java\jdk1.8.0_301\jre\bin\vcruntime140.dll
0x00007ffe39290000 - 0x00007ffe3932b000 	C:\Program Files\Java\jdk1.8.0_301\jre\bin\msvcp140.dll
0x0000000062e10000 - 0x0000000063670000 	C:\Program Files\Java\jdk1.8.0_301\jre\bin\server\jvm.dll
0x00007ffe5fe10000 - 0x00007ffe5fe18000 	C:\Windows\System32\PSAPI.DLL
0x00007ffe45e80000 - 0x00007ffe45ea7000 	C:\Windows\SYSTEM32\WINMM.dll
0x00007ffe5c250000 - 0x00007ffe5c25a000 	C:\Windows\SYSTEM32\VERSION.dll
0x00007ffe43630000 - 0x00007ffe43639000 	C:\Windows\SYSTEM32\WSOCK32.dll
0x00007ffe5fb00000 - 0x00007ffe5fb6b000 	C:\Windows\System32\WS2_32.dll
0x00007ffe5d550000 - 0x00007ffe5d562000 	C:\Windows\SYSTEM32\kernel.appcore.dll
0x00007ffe39190000 - 0x00007ffe391a0000 	C:\Program Files\Java\jdk1.8.0_301\jre\bin\verify.dll
0x00007ffe39160000 - 0x00007ffe3918b000 	C:\Program Files\Java\jdk1.8.0_301\jre\bin\java.dll
0x00007ffe5c320000 - 0x00007ffe5c356000 	C:\Program Files\Java\jdk1.8.0_301\jre\bin\jdwp.dll
0x00007ffe5c310000 - 0x00007ffe5c319000 	C:\Program Files\Java\jdk1.8.0_301\jre\bin\npt.dll
0x00007ffe3d360000 - 0x00007ffe3d390000 	C:\Program Files\Java\jdk1.8.0_301\jre\bin\instrument.dll
0x00007ffe39140000 - 0x00007ffe39158000 	C:\Program Files\Java\jdk1.8.0_301\jre\bin\zip.dll
0x00007ffe60990000 - 0x00007ffe610d4000 	C:\Windows\System32\SHELL32.dll
0x00007ffe5cd30000 - 0x00007ffe5d4c4000 	C:\Windows\SYSTEM32\windows.storage.dll
0x00007ffe5ff10000 - 0x00007ffe60265000 	C:\Windows\System32\combase.dll
0x00007ffe5e5c0000 - 0x00007ffe5e5ee000 	C:\Windows\SYSTEM32\Wldp.dll
0x00007ffe605e0000 - 0x00007ffe6068d000 	C:\Windows\System32\SHCORE.dll
0x00007ffe5f910000 - 0x00007ffe5f965000 	C:\Windows\System32\shlwapi.dll
0x00007ffe5ec60000 - 0x00007ffe5ec7f000 	C:\Windows\SYSTEM32\profapi.dll
0x00007ffe5c300000 - 0x00007ffe5c30a000 	C:\Program Files\Java\jdk1.8.0_301\jre\bin\dt_socket.dll
0x00007ffe5e3a0000 - 0x00007ffe5e40a000 	C:\Windows\system32\mswsock.dll
0x00007ffe38130000 - 0x00007ffe3814c000 	C:\Program Files\Java\jdk1.8.0_301\jre\bin\net.dll
0x00007ffe5e0b0000 - 0x00007ffe5e0eb000 	C:\Windows\SYSTEM32\IPHLPAPI.DLL
0x00007ffe61140000 - 0x00007ffe61148000 	C:\Windows\System32\NSI.dll
0x00007ffe54d00000 - 0x00007ffe54d17000 	C:\Windows\SYSTEM32\dhcpcsvc6.DLL
0x00007ffe54cc0000 - 0x00007ffe54cdd000 	C:\Windows\SYSTEM32\dhcpcsvc.DLL
0x00007ffe5e0f0000 - 0x00007ffe5e1bb000 	C:\Windows\SYSTEM32\DNSAPI.dll
0x00007ffe527e0000 - 0x00007ffe527ea000 	C:\Windows\System32\rasadhlp.dll
0x00007ffe54490000 - 0x00007ffe5450f000 	C:\Windows\System32\fwpuclnt.dll
0x00007ffe5f4b0000 - 0x00007ffe5f4d7000 	C:\Windows\System32\bcrypt.dll
0x00007ffe366a0000 - 0x00007ffe366ad000 	C:\Program Files\Java\jdk1.8.0_301\jre\bin\management.dll
0x00007ffe3d780000 - 0x00007ffe3d797000 	C:\Windows\system32\napinsp.dll
0x00007ffe3d760000 - 0x00007ffe3d77b000 	C:\Windows\system32\pnrpnsp.dll
0x00007ffe3d740000 - 0x00007ffe3d755000 	C:\Windows\system32\wshbth.dll
0x00007ffe56e20000 - 0x00007ffe56e3d000 	C:\Windows\system32\NLAapi.dll
0x00007ffe3d720000 - 0x00007ffe3d732000 	C:\Windows\System32\winrnr.dll
0x00007ffe31470000 - 0x00007ffe31483000 	C:\Program Files\Java\jdk1.8.0_301\jre\bin\nio.dll
0x00007ffe5e600000 - 0x00007ffe5e618000 	C:\Windows\SYSTEM32\CRYPTSP.dll
0x00007ffe5dd40000 - 0x00007ffe5dd74000 	C:\Windows\system32\rsaenh.dll
0x00007ffe5ebe0000 - 0x00007ffe5ec0e000 	C:\Windows\SYSTEM32\USERENV.dll
0x00007ffe5f4e0000 - 0x00007ffe5f562000 	C:\Windows\System32\bcryptprimitives.dll
0x00007ffe5e530000 - 0x00007ffe5e53c000 	C:\Windows\SYSTEM32\CRYPTBASE.dll
0x00007ffe5cb40000 - 0x00007ffe5cd24000 	C:\Windows\SYSTEM32\dbghelp.dll

VM Arguments:
jvm_args: -agentlib:jdwp=transport=dt_socket,address=127.0.0.1:59286,suspend=y,server=n -javaagent:C:\Users\hp\AppData\Local\JetBrains\IdeaIC2021.2\captureAgent\debugger-agent.jar -Dfile.encoding=UTF-8 
java_command: ma.itroad.aace.eth.coref.CoreRefApplication
java_class_path (initial): C:\Program Files\Java\jdk1.8.0_301\jre\lib\charsets.jar;C:\Program Files\Java\jdk1.8.0_301\jre\lib\deploy.jar;C:\Program Files\Java\jdk1.8.0_301\jre\lib\ext\access-bridge-64.jar;C:\Program Files\Java\jdk1.8.0_301\jre\lib\ext\cldrdata.jar;C:\Program Files\Java\jdk1.8.0_301\jre\lib\ext\dnsns.jar;C:\Program Files\Java\jdk1.8.0_301\jre\lib\ext\jaccess.jar;C:\Program Files\Java\jdk1.8.0_301\jre\lib\ext\jfxrt.jar;C:\Program Files\Java\jdk1.8.0_301\jre\lib\ext\localedata.jar;C:\Program Files\Java\jdk1.8.0_301\jre\lib\ext\nashorn.jar;C:\Program Files\Java\jdk1.8.0_301\jre\lib\ext\sunec.jar;C:\Program Files\Java\jdk1.8.0_301\jre\lib\ext\sunjce_provider.jar;C:\Program Files\Java\jdk1.8.0_301\jre\lib\ext\sunmscapi.jar;C:\Program Files\Java\jdk1.8.0_301\jre\lib\ext\sunpkcs11.jar;C:\Program Files\Java\jdk1.8.0_301\jre\lib\ext\zipfs.jar;C:\Program Files\Java\jdk1.8.0_301\jre\lib\javaws.jar;C:\Program Files\Java\jdk1.8.0_301\jre\lib\jce.jar;C:\Program Files\Java\jdk1.8.0_301\jre\lib\jfr.jar;C:\Program Files\Java\jdk1.8.0_301\jre\lib\jfxswt.jar;C:\Program Files\Java\jdk1.8.0_301\jre\lib\jsse.jar;C:\Program Files\Java\jdk1.8.0_301\jre\lib\management-agent.jar;C:\Program Files\Java\jdk1.8.0_301\jre\lib\plugin.jar;C:\Program Files\Java\jdk1.8.0_301\jre\lib\resources.jar;C:\Program Files\Java\jdk1.8.0_301\jre\lib\rt.jar;C:\Users\hp\Desktop\Job\AACE\eThub-back\eth-core-ref-ms\target\classes;C:\Users\hp\.m2\repository\org\springframework\boot\spring-boot-starter-actuator\2.3.5.RELEASE\spring-boot-starter-actuator-2.3.5.RELEASE.jar;C:\Users\hp\.m2\repository\org\springframework\boot\spring-boot-actuator-autoconfigure\2.3.5.RELEASE\spring-boot-actuator-autoconfigure-2.3.5.RELEASE.jar;C:\Users\hp\.m2\repository\org\springframework\boot\spring-boot-actuator\2.3.5.RELEASE\spring-boot-actuator-2.3.5.RELEASE.jar;C:\Users\hp\.m2\repository\com\fasterxml\jackson\datatype\jackson-datatype-jsr310\2.11.3\jackson-datatype-jsr310-2.11.3.jar;C:\Users\hp\.m2\repository\io\mi
Launcher Type: SUN_STANDARD

Environment Variables:
JAVA_HOME=C:\Program Files\Java\jdk1.8.0_301
PATH=C:\Program Files\Common Files\Oracle\Java\javapath;C:\Program Files (x86)\Common Files\Oracle\Java\javapath;C:\Program Files\Java\jdk1.8.0_301\bin;C:\Windows\system32;C:\Windows;C:\Windows\System32\Wbem;C:\Windows\System32\WindowsPowerShell\v1.0\;C:\Windows\System32\OpenSSH\;C:\Program Files\Git\cmd;C:\apache-maven-3.8.2\bin;C:\Program Files\nodejs\;C:\Program Files (x86)\Bitvise SSH Client;C:\Program Files\Docker\Docker\resources\bin;C:\ProgramData\DockerDesktop\version-bin;C:\Users\hp\AppData\Local\Microsoft\WindowsApps;C:\Users\hp\bin;C:\Program Files\JetBrains\WebStorm 2021.1.3\bin;;C:\Program Files\Java\jdk1.8.0_301\bin;C:\Users\hp\AppData\Roaming\npm
USERNAME=hp
OS=Windows_NT
PROCESSOR_IDENTIFIER=Intel64 Family 6 Model 78 Stepping 3, GenuineIntel



---------------  S Y S T E M  ---------------

OS: Windows 10.0 , 64 bit Build 19041 (10.0.19041.1348)

CPU:total 4 (initial active 4) (2 cores per cpu, 2 threads per core) family 6 model 78 stepping 3, cmov, cx8, fxsr, mmx, sse, sse2, sse3, ssse3, sse4.1, sse4.2, popcnt, avx, avx2, aes, clmul, erms, rtm, 3dnowpref, lzcnt, ht, tsc, tscinvbit, bmi1, bmi2, adx

Memory: 4k page, physical 8266340k(426844k free), swap 22839096k(6072k free)

vm_info: Java HotSpot(TM) 64-Bit Server VM (25.301-b09) for windows-amd64 JRE (1.8.0_301-b09), built on Jun  9 2021 06:46:21 by "java_re" with MS VC++ 15.9 (VS2017)

time: Tue Dec 28 22:16:11 2021
timezone: Romance Standard Time
elapsed time: 38.126654 seconds (0d 0h 0m 38s)

