#
# There is insufficient memory for the Java Runtime Environment to continue.
# Native memory allocation (malloc) failed to allocate 32744 bytes for ChunkPool::allocate
# Possible reasons:
#   The system is out of physical RAM or swap space
#   The process is running with CompressedOops enabled, and the Java Heap may be blocking the growth of the native heap
# Possible solutions:
#   Reduce memory load on the system
#   Increase physical memory or swap space
#   Check if swap backing store is full
#   Decrease Java heap size (-Xmx/-Xms)
#   Decrease number of Java threads
#   Decrease Java thread stack sizes (-Xss)
#   Set larger code cache with -XX:ReservedCodeCacheSize=
#   JVM is running with Unscaled Compressed Oops mode in which the Java heap is
#     placed in the first 4GB address space. The Java Heap base address is the
#     maximum limit for the native heap growth. Please use -XX:HeapBaseMinAddress
#     to set the Java Heap base and to place the Java Heap above 4GB virtual address.
# This output file may be truncated or incomplete.
#
#  Out of Memory Error (allocation.cpp:272), pid=18160, tid=0x0000000000004368
#
# JRE version: Java(TM) SE Runtime Environment (8.0_301-b09) (build 1.8.0_301-b09)
# Java VM: Java HotSpot(TM) 64-Bit Server VM (25.301-b09 mixed mode windows-amd64 compressed oops)
# Failed to write core dump. Minidumps are not enabled by default on client versions of Windows
#

---------------  T H R E A D  ---------------

Current thread (0x000002304dc90000):  JavaThread "C2 CompilerThread1" daemon [_thread_in_native, id=17256, stack(0x0000007079200000,0x0000007079300000)]

Stack: [0x0000007079200000,0x0000007079300000]
Native frames: (J=compiled Java code, j=interpreted, Vv=VM code, C=native code)
V  [jvm.dll+0x32ed79]
V  [jvm.dll+0x275722]
V  [jvm.dll+0x2763cd]
V  [jvm.dll+0x26ce05]
V  [jvm.dll+0xd59bd]
V  [jvm.dll+0xd5d1c]
V  [jvm.dll+0x47329b]
V  [jvm.dll+0x48c450]
V  [jvm.dll+0x48b6c0]
V  [jvm.dll+0x48bf42]
V  [jvm.dll+0x437e1d]
V  [jvm.dll+0x440c55]
V  [jvm.dll+0x440015]
V  [jvm.dll+0x42ae57]
V  [jvm.dll+0xac1bb]
V  [jvm.dll+0xaa81b]
V  [jvm.dll+0x23ddc2]
V  [jvm.dll+0x2923dc]
C  [ucrtbase.dll+0x21bb2]
C  [KERNEL32.DLL+0x17034]
C  [ntdll.dll+0x52651]


Current CompileTask:
C2: 196261 11213       4       org.springframework.boot.context.properties.source.SpringIterableConfigurationPropertySource::getConfigurationProperty (93 bytes)


---------------  P R O C E S S  ---------------

Java Threads: ( => current thread )
  0x0000023059503800 JavaThread "spring.cloud.inetutils" daemon [_thread_blocked, id=200, stack(0x0000007079a00000,0x0000007079b00000)]
  0x0000023052696000 JavaThread "container-0" [_thread_blocked, id=3856, stack(0x0000007079900000,0x0000007079a00000)]
  0x0000023052697800 JavaThread "Catalina-utility-2" [_thread_blocked, id=20452, stack(0x0000007078300000,0x0000007078400000)]
  0x0000023052695800 JavaThread "Catalina-utility-1" [_thread_blocked, id=456, stack(0x0000007078200000,0x0000007078300000)]
  0x0000023052692800 JavaThread "HikariPool-1 housekeeper" daemon [_thread_blocked, id=17556, stack(0x0000007079d00000,0x0000007079e00000)]
  0x0000023052694000 JavaThread "PostgreSQL-JDBC-SharedTimer-1" daemon [_thread_blocked, id=11192, stack(0x0000007079c00000,0x0000007079d00000)]
  0x000002304d764800 JavaThread "restartedMain" [_thread_in_vm, id=1060, stack(0x0000007079700000,0x0000007079800000)]
  0x000002304d75f800 JavaThread "Thread-0" [_thread_blocked, id=12800, stack(0x0000007079600000,0x0000007079700000)]
  0x000002304dcaa000 JavaThread "Service Thread" daemon [_thread_blocked, id=15320, stack(0x0000007079400000,0x0000007079500000)]
  0x000002304dc91000 JavaThread "C1 CompilerThread2" daemon [_thread_blocked, id=15368, stack(0x0000007079300000,0x0000007079400000)]
=>0x000002304dc90000 JavaThread "C2 CompilerThread1" daemon [_thread_in_native, id=17256, stack(0x0000007079200000,0x0000007079300000)]
  0x000002304dc8d800 JavaThread "C2 CompilerThread0" daemon [_thread_in_native, id=14360, stack(0x0000007079100000,0x0000007079200000)]
  0x000002304c08b800 JavaThread "JDWP Command Reader" daemon [_thread_in_native, id=11764, stack(0x0000007079000000,0x0000007079100000)]
  0x000002304c089800 JavaThread "JDWP Event Helper Thread" daemon [_thread_blocked, id=16932, stack(0x0000007078f00000,0x0000007079000000)]
  0x000002304c083800 JavaThread "JDWP Transport Listener: dt_socket" daemon [_thread_blocked, id=11196, stack(0x0000007078e00000,0x0000007078f00000)]
  0x000002304c06c800 JavaThread "Attach Listener" daemon [_thread_blocked, id=20396, stack(0x0000007078d00000,0x0000007078e00000)]
  0x000002304c06c000 JavaThread "Signal Dispatcher" daemon [_thread_blocked, id=21216, stack(0x0000007078c00000,0x0000007078d00000)]
  0x000002304c047000 JavaThread "Finalizer" daemon [_thread_blocked, id=20828, stack(0x0000007078b00000,0x0000007078c00000)]
  0x000002304c03e000 JavaThread "Reference Handler" daemon [_thread_blocked, id=13504, stack(0x0000007078a00000,0x0000007078b00000)]
  0x0000023035d0c800 JavaThread "main" [_thread_blocked, id=1444, stack(0x0000007078400000,0x0000007078500000)]

Other Threads:
  0x0000023035dae800 VMThread [stack: 0x0000007078900000,0x0000007078a00000] [id=20276]
  0x000002304dcab000 WatcherThread [stack: 0x0000007079500000,0x0000007079600000] [id=21456]

VM state:not at safepoint (normal execution)

VM Mutex/Monitor currently owned by a thread: None

heap address: 0x0000000081c00000, size: 2020 MB, Compressed Oops mode: 32-bit
Narrow klass base: 0x0000000000000000, Narrow klass shift: 3
Compressed class space size: 1073741824 Address: 0x0000000100000000

Heap:
 PSYoungGen      total 655872K, used 614227K [0x00000000d5f00000, 0x0000000100000000, 0x0000000100000000)
  eden space 638976K, 93% used [0x00000000d5f00000,0x00000000fa66f0a8,0x00000000fcf00000)
  from space 16896K, 99% used [0x00000000fcf00000,0x00000000fdf65ef8,0x00000000fdf80000)
  to   space 26112K, 0% used [0x00000000fe680000,0x00000000fe680000,0x0000000100000000)
 ParOldGen       total 97792K, used 60525K [0x0000000081c00000, 0x0000000087b80000, 0x00000000d5f00000)
  object space 97792K, 61% used [0x0000000081c00000,0x000000008571b590,0x0000000087b80000)
 Metaspace       used 81289K, capacity 85582K, committed 85760K, reserved 1124352K
  class space    used 10577K, capacity 11254K, committed 11264K, reserved 1048576K

Card table byte_map: [0x0000023046a60000,0x0000023046e60000] byte_map_base: 0x0000023046652000

Marking Bits: (ParMarkBitMap*) 0x0000000071967fe0
 Begin Bits: [0x0000023047110000, 0x00000230490a0000)
 End Bits:   [0x00000230490a0000, 0x000002304b030000)

Polling page: 0x0000023036050000

CodeCache: size=245760Kb used=37213Kb max_used=37213Kb free=208546Kb
 bounds [0x00000230376a0000, 0x0000023039b60000, 0x00000230466a0000]
 total_blobs=9826 nmethods=9286 adapters=459
 compilation: enabled

Compilation events (10 events):
Event: 195.635 Thread 0x000002304dc91000 11257       3       org.springframework.beans.factory.annotation.AutowiredAnnotationBeanPostProcessor$$Lambda$204/707242282::doWith (17 bytes)
Event: 195.635 Thread 0x000002304dc91000 nmethod 11257 0x0000023037c55110 code [0x0000023037c55280, 0x0000023037c55430]
Event: 195.635 Thread 0x000002304dc91000 11256       3       org.springframework.context.annotation.CommonAnnotationBeanPostProcessor::lambda$buildResourceMetadata$1 (352 bytes)
Event: 195.640 Thread 0x000002304dc91000 nmethod 11256 0x0000023038b50e10 code [0x0000023038b51360, 0x0000023038b54530]
Event: 196.002 Thread 0x000002304dc91000 11258       3       org.springframework.core.OrderComparator::getOrder (22 bytes)
Event: 196.003 Thread 0x000002304dc91000 nmethod 11258 0x0000023038369750 code [0x00000230383698c0, 0x0000023038369c10]
Event: 196.067 Thread 0x000002304dc91000 11259       3       java.lang.invoke.MemberName::asSpecial (89 bytes)
Event: 196.068 Thread 0x000002304dc91000 nmethod 11259 0x0000023038302590 code [0x0000023038302820, 0x00000230383036b0]
Event: 196.158 Thread 0x000002304dc91000 11260       1       org.springframework.cglib.core.AbstractClassGenerator::getUseCache (5 bytes)
Event: 196.158 Thread 0x000002304dc91000 nmethod 11260 0x0000023037d96250 code [0x0000023037d963a0, 0x0000023037d964b8]

GC Heap History (10 events):
Event: 54.275 GC heap before
{Heap before GC invocations=14 (full 2):
 PSYoungGen      total 385536K, used 385505K [0x00000000d5f00000, 0x00000000f9580000, 0x0000000100000000)
  eden space 370176K, 100% used [0x00000000d5f00000,0x00000000ec880000,0x00000000ec880000)
  from space 15360K, 99% used [0x00000000ec880000,0x00000000ed778530,0x00000000ed780000)
  to   space 19968K, 0% used [0x00000000f8200000,0x00000000f8200000,0x00000000f9580000)
 ParOldGen       total 69120K, used 26586K [0x0000000081c00000, 0x0000000085f80000, 0x00000000d5f00000)
  object space 69120K, 38% used [0x0000000081c00000,0x00000000835f6a88,0x0000000085f80000)
 Metaspace       used 52604K, capacity 55178K, committed 55424K, reserved 1097728K
  class space    used 6823K, capacity 7272K, committed 7296K, reserved 1048576K
Event: 55.302 GC heap after
Heap after GC invocations=14 (full 2):
 PSYoungGen      total 560640K, used 11094K [0x00000000d5f00000, 0x00000000f9f00000, 0x0000000100000000)
  eden space 540672K, 0% used [0x00000000d5f00000,0x00000000d5f00000,0x00000000f6f00000)
  from space 19968K, 55% used [0x00000000f8200000,0x00000000f8cd5ab0,0x00000000f9580000)
  to   space 19456K, 0% used [0x00000000f6f00000,0x00000000f6f00000,0x00000000f8200000)
 ParOldGen       total 69120K, used 38169K [0x0000000081c00000, 0x0000000085f80000, 0x00000000d5f00000)
  object space 69120K, 55% used [0x0000000081c00000,0x0000000084146738,0x0000000085f80000)
 Metaspace       used 52604K, capacity 55178K, committed 55424K, reserved 1097728K
  class space    used 6823K, capacity 7272K, committed 7296K, reserved 1048576K
}
Event: 58.779 GC heap before
{Heap before GC invocations=15 (full 2):
 PSYoungGen      total 560640K, used 90206K [0x00000000d5f00000, 0x00000000f9f00000, 0x0000000100000000)
  eden space 540672K, 14% used [0x00000000d5f00000,0x00000000dac42090,0x00000000f6f00000)
  from space 19968K, 55% used [0x00000000f8200000,0x00000000f8cd5ab0,0x00000000f9580000)
  to   space 19456K, 0% used [0x00000000f6f00000,0x00000000f6f00000,0x00000000f8200000)
 ParOldGen       total 69120K, used 38169K [0x0000000081c00000, 0x0000000085f80000, 0x00000000d5f00000)
  object space 69120K, 55% used [0x0000000081c00000,0x0000000084146738,0x0000000085f80000)
 Metaspace       used 56338K, capacity 59014K, committed 59136K, reserved 1099776K
  class space    used 7467K, capacity 7912K, committed 7936K, reserved 1048576K
Event: 58.808 GC heap after
Heap after GC invocations=15 (full 2):
 PSYoungGen      total 560128K, used 3834K [0x00000000d5f00000, 0x00000000fff80000, 0x0000000100000000)
  eden space 540672K, 0% used [0x00000000d5f00000,0x00000000d5f00000,0x00000000f6f00000)
  from space 19456K, 19% used [0x00000000f6f00000,0x00000000f72bea10,0x00000000f8200000)
  to   space 19456K, 0% used [0x00000000fec80000,0x00000000fec80000,0x00000000fff80000)
 ParOldGen       total 69120K, used 44522K [0x0000000081c00000, 0x0000000085f80000, 0x00000000d5f00000)
  object space 69120K, 64% used [0x0000000081c00000,0x000000008477ab50,0x0000000085f80000)
 Metaspace       used 56338K, capacity 59014K, committed 59136K, reserved 1099776K
  class space    used 7467K, capacity 7912K, committed 7936K, reserved 1048576K
}
Event: 58.808 GC heap before
{Heap before GC invocations=16 (full 3):
 PSYoungGen      total 560128K, used 3834K [0x00000000d5f00000, 0x00000000fff80000, 0x0000000100000000)
  eden space 540672K, 0% used [0x00000000d5f00000,0x00000000d5f00000,0x00000000f6f00000)
  from space 19456K, 19% used [0x00000000f6f00000,0x00000000f72bea10,0x00000000f8200000)
  to   space 19456K, 0% used [0x00000000fec80000,0x00000000fec80000,0x00000000fff80000)
 ParOldGen       total 69120K, used 44522K [0x0000000081c00000, 0x0000000085f80000, 0x00000000d5f00000)
  object space 69120K, 64% used [0x0000000081c00000,0x000000008477ab50,0x0000000085f80000)
 Metaspace       used 56338K, capacity 59014K, committed 59136K, reserved 1099776K
  class space    used 7467K, capacity 7912K, committed 7936K, reserved 1048576K
Event: 59.218 GC heap after
Heap after GC invocations=16 (full 3):
 PSYoungGen      total 560128K, used 0K [0x00000000d5f00000, 0x00000000fff80000, 0x0000000100000000)
  eden space 540672K, 0% used [0x00000000d5f00000,0x00000000d5f00000,0x00000000f6f00000)
  from space 19456K, 0% used [0x00000000f6f00000,0x00000000f6f00000,0x00000000f8200000)
  to   space 19456K, 0% used [0x00000000fec80000,0x00000000fec80000,0x00000000fff80000)
 ParOldGen       total 97792K, used 35591K [0x0000000081c00000, 0x0000000087b80000, 0x00000000d5f00000)
  object space 97792K, 36% used [0x0000000081c00000,0x0000000083ec1e78,0x0000000087b80000)
 Metaspace       used 56338K, capacity 59014K, committed 59136K, reserved 1099776K
  class space    used 7467K, capacity 7912K, committed 7936K, reserved 1048576K
}
Event: 175.507 GC heap before
{Heap before GC invocations=17 (full 3):
 PSYoungGen      total 560128K, used 540672K [0x00000000d5f00000, 0x00000000fff80000, 0x0000000100000000)
  eden space 540672K, 100% used [0x00000000d5f00000,0x00000000f6f00000,0x00000000f6f00000)
  from space 19456K, 0% used [0x00000000f6f00000,0x00000000f6f00000,0x00000000f8200000)
  to   space 19456K, 0% used [0x00000000fec80000,0x00000000fec80000,0x00000000fff80000)
 ParOldGen       total 97792K, used 35591K [0x0000000081c00000, 0x0000000087b80000, 0x00000000d5f00000)
  object space 97792K, 36% used [0x0000000081c00000,0x0000000083ec1e78,0x0000000087b80000)
 Metaspace       used 69113K, capacity 72000K, committed 72192K, reserved 1112064K
  class space    used 9172K, capacity 9685K, committed 9728K, reserved 1048576K
Event: 175.570 GC heap after
Heap after GC invocations=17 (full 3):
 PSYoungGen      total 658432K, used 19446K [0x00000000d5f00000, 0x0000000100000000, 0x0000000100000000)
  eden space 638976K, 0% used [0x00000000d5f00000,0x00000000d5f00000,0x00000000fcf00000)
  from space 19456K, 99% used [0x00000000fec80000,0x00000000fff7d970,0x00000000fff80000)
  to   space 25088K, 0% used [0x00000000fcf00000,0x00000000fcf00000,0x00000000fe780000)
 ParOldGen       total 97792K, used 42679K [0x0000000081c00000, 0x0000000087b80000, 0x00000000d5f00000)
  object space 97792K, 43% used [0x0000000081c00000,0x00000000845aded0,0x0000000087b80000)
 Metaspace       used 69113K, capacity 72000K, committed 72192K, reserved 1112064K
  class space    used 9172K, capacity 9685K, committed 9728K, reserved 1048576K
}
Event: 182.131 GC heap before
{Heap before GC invocations=18 (full 3):
 PSYoungGen      total 658432K, used 658422K [0x00000000d5f00000, 0x0000000100000000, 0x0000000100000000)
  eden space 638976K, 100% used [0x00000000d5f00000,0x00000000fcf00000,0x00000000fcf00000)
  from space 19456K, 99% used [0x00000000fec80000,0x00000000fff7d970,0x00000000fff80000)
  to   space 25088K, 0% used [0x00000000fcf00000,0x00000000fcf00000,0x00000000fe780000)
 ParOldGen       total 97792K, used 42679K [0x0000000081c00000, 0x0000000087b80000, 0x00000000d5f00000)
  object space 97792K, 43% used [0x0000000081c00000,0x00000000845aded0,0x0000000087b80000)
 Metaspace       used 76475K, capacity 80222K, committed 80256K, reserved 1118208K
  class space    used 9982K, capacity 10618K, committed 10624K, reserved 1048576K
Event: 182.181 GC heap after
Heap after GC invocations=18 (full 3):
 PSYoungGen      total 655872K, used 16791K [0x00000000d5f00000, 0x0000000100000000, 0x0000000100000000)
  eden space 638976K, 0% used [0x00000000d5f00000,0x00000000d5f00000,0x00000000fcf00000)
  from space 16896K, 99% used [0x00000000fcf00000,0x00000000fdf65ef8,0x00000000fdf80000)
  to   space 26112K, 0% used [0x00000000fe680000,0x00000000fe680000,0x0000000100000000)
 ParOldGen       total 97792K, used 60525K [0x0000000081c00000, 0x0000000087b80000, 0x00000000d5f00000)
  object space 97792K, 61% used [0x0000000081c00000,0x000000008571b590,0x0000000087b80000)
 Metaspace       used 76475K, capacity 80222K, committed 80256K, reserved 1118208K
  class space    used 9982K, capacity 10618K, committed 10624K, reserved 1048576K
}

Deoptimization events (10 events):
Event: 190.633 Thread 0x000002304d764800 Uncommon trap: reason=unstable_if action=reinterpret pc=0x00000230393eaa80 method=org.springframework.core.annotation.AnnotationsScanner.processMethodHierarchy(Ljava/lang/Object;[ILjava/lang/Class;Lorg/springframework/core/annotation/AnnotationsProcessor;
Event: 191.888 Thread 0x000002304d764800 Uncommon trap: reason=range_check action=make_not_entrant pc=0x00000230378feed8 method=java.lang.String.charAt(I)C @ 27
Event: 192.561 Thread 0x000002304d764800 Uncommon trap: reason=null_check action=make_not_entrant pc=0x0000023039a0cef8 method=java.beans.Introspector.isAssignable(Ljava/lang/Class;Ljava/lang/Class;)Z @ 23
Event: 194.384 Thread 0x000002304d764800 Uncommon trap: reason=null_check action=make_not_entrant pc=0x0000023039932d4c method=org.springframework.core.convert.TypeDescriptor.isCollection()Z @ 6
Event: 194.391 Thread 0x000002304d764800 Uncommon trap: reason=unstable_if action=reinterpret pc=0x00000230383faa84 method=java.util.Arrays.hashCode([Ljava/lang/Object;)I @ 34
Event: 194.630 Thread 0x000002304d764800 Uncommon trap: reason=unstable_if action=reinterpret pc=0x0000023039af5340 method=java.beans.Introspector.decapitalize(Ljava/lang/String;)Ljava/lang/String; @ 40
Event: 195.214 Thread 0x000002304d764800 Uncommon trap: reason=unstable_if action=reinterpret pc=0x00000230396ea2b8 method=org.springframework.core.BridgeMethodResolver.isVisibilityBridgeMethodPair(Ljava/lang/reflect/Method;Ljava/lang/reflect/Method;)Z @ 43
Event: 195.215 Thread 0x000002304d764800 Uncommon trap: reason=unstable_if action=reinterpret pc=0x000002303985c1b0 method=org.springframework.core.BridgeMethodResolver.isVisibilityBridgeMethodPair(Ljava/lang/reflect/Method;Ljava/lang/reflect/Method;)Z @ 43
Event: 195.215 Thread 0x000002304d764800 Uncommon trap: reason=unstable_if action=reinterpret pc=0x00000230388e8aac method=org.springframework.core.BridgeMethodResolver.isVisibilityBridgeMethodPair(Ljava/lang/reflect/Method;Ljava/lang/reflect/Method;)Z @ 43
Event: 195.414 Thread 0x000002304d764800 Uncommon trap: reason=unstable_if action=reinterpret pc=0x0000023037e40654 method=org.springframework.core.annotation.AnnotationsScanner.isKnownEmpty(Ljava/lang/reflect/AnnotatedElement;Lorg/springframework/core/annotation/MergedAnnotations$SearchStrategy

Classes redefined (0 events):
No events

Internal exceptions (10 events):
Event: 195.949 Thread 0x000002304d764800 Exception <a 'java/lang/ClassNotFoundException': org/springframework/beans/factory/AwareCustomizer> (0x00000000f9ed9478) thrown at [C:\jenkins\workspace\8-2-build-windows-amd64-cygwin\jdk8u301\1513\hotspot\src\share\vm\classfile\systemDictionary.cpp, line
Event: 195.952 Thread 0x000002304d764800 Exception <a 'java/lang/ClassNotFoundException': org/springframework/web/context/ServletContextAwareCustomizer> (0x00000000f9f1e598) thrown at [C:\jenkins\workspace\8-2-build-windows-amd64-cygwin\jdk8u301\1513\hotspot\src\share\vm\classfile\systemDictiona
Event: 195.961 Thread 0x000002304d764800 Exception <a 'java/lang/ClassNotFoundException': org/springframework/beans/factory/AwareCustomizer> (0x00000000f9f59cc8) thrown at [C:\jenkins\workspace\8-2-build-windows-amd64-cygwin\jdk8u301\1513\hotspot\src\share\vm\classfile\systemDictionary.cpp, line
Event: 195.968 Thread 0x000002304d764800 Exception <a 'java/lang/ClassNotFoundException': org/springframework/context/ApplicationContextAwareCustomizer> (0x00000000f9f9ed28) thrown at [C:\jenkins\workspace\8-2-build-windows-amd64-cygwin\jdk8u301\1513\hotspot\src\share\vm\classfile\systemDictiona
Event: 195.983 Thread 0x000002304d764800 Exception <a 'java/lang/ClassNotFoundException': org/springframework/beans/factory/AwareCustomizer> (0x00000000f9fda9f0) thrown at [C:\jenkins\workspace\8-2-build-windows-amd64-cygwin\jdk8u301\1513\hotspot\src\share\vm\classfile\systemDictionary.cpp, line
Event: 196.013 Thread 0x000002304d764800 Exception <a 'java/lang/ClassNotFoundException': java/lang/ObjectCustomizer> (0x00000000fa077df8) thrown at [C:\jenkins\workspace\8-2-build-windows-amd64-cygwin\jdk8u301\1513\hotspot\src\share\vm\classfile\systemDictionary.cpp, line 212]
Event: 196.016 Thread 0x000002304d764800 Exception <a 'java/lang/ClassNotFoundException': springfox/documentation/spring/web/plugins/WebMvcRequestHandlerProviderCustomizer> (0x00000000fa0cf2f8) thrown at [C:\jenkins\workspace\8-2-build-windows-amd64-cygwin\jdk8u301\1513\hotspot\src\share\vm\clas
Event: 196.022 Thread 0x000002304d764800 Exception <a 'java/lang/ClassNotFoundException': springfox/documentation/spi/service/RequestHandlerProviderCustomizer> (0x00000000fa11c588) thrown at [C:\jenkins\workspace\8-2-build-windows-amd64-cygwin\jdk8u301\1513\hotspot\src\share\vm\classfile\systemD
Event: 196.125 Thread 0x000002304d764800 Exception <a 'java/lang/ClassNotFoundException': java/lang/ObjectCustomizer> (0x00000000fa1e09f8) thrown at [C:\jenkins\workspace\8-2-build-windows-amd64-cygwin\jdk8u301\1513\hotspot\src\share\vm\classfile\systemDictionary.cpp, line 212]
Event: 196.145 Thread 0x000002304d764800 Exception <a 'java/lang/ClassNotFoundException': springfox/documentation/spi/service/contexts/DefaultsCustomizer> (0x00000000fa229c90) thrown at [C:\jenkins\workspace\8-2-build-windows-amd64-cygwin\jdk8u301\1513\hotspot\src\share\vm\classfile\systemDictio

Events (10 events):
Event: 196.145 Thread 0x000002304d764800 DEOPT PACKING pc=0x000002303959d910 sp=0x00000070797fc760
Event: 196.145 Thread 0x000002304d764800 DEOPT UNPACKING pc=0x00000230376e7898 sp=0x00000070797fc488 mode 1
Event: 196.148 Thread 0x000002304d764800 DEOPT PACKING pc=0x00000230388f9194 sp=0x00000070797fcd70
Event: 196.148 Thread 0x000002304d764800 DEOPT UNPACKING pc=0x00000230376e7898 sp=0x00000070797fca60 mode 1
Event: 196.148 Thread 0x000002304d764800 DEOPT PACKING pc=0x00000230388f9194 sp=0x00000070797fcd70
Event: 196.148 Thread 0x000002304d764800 DEOPT UNPACKING pc=0x00000230376e7898 sp=0x00000070797fca60 mode 1
Event: 196.161 loading class springfox/documentation/spring/web/paths/DefaultPathProvider
Event: 196.161 loading class springfox/documentation/spring/web/paths/DefaultPathProvider done
Event: 196.163 Thread 0x000002304d764800 DEOPT PACKING pc=0x0000023038796c68 sp=0x00000070797fad30
Event: 196.163 Thread 0x000002304d764800 DEOPT UNPACKING pc=0x00000230376e7898 sp=0x00000070797faa00 mode 1


Dynamic libraries:
0x00007ff6a1c50000 - 0x00007ff6a1c97000 	C:\Program Files\Java\jdk1.8.0_301\bin\java.exe
0x00007fff58e50000 - 0x00007fff59045000 	C:\Windows\SYSTEM32\ntdll.dll
0x00007fff57880000 - 0x00007fff5793e000 	C:\Windows\System32\KERNEL32.DLL
0x00007fff569f0000 - 0x00007fff56cb8000 	C:\Windows\System32\KERNELBASE.dll
0x00007fff577d0000 - 0x00007fff5787c000 	C:\Windows\System32\ADVAPI32.dll
0x00007fff58570000 - 0x00007fff5860e000 	C:\Windows\System32\msvcrt.dll
0x00007fff58710000 - 0x00007fff587ab000 	C:\Windows\System32\sechost.dll
0x00007fff58440000 - 0x00007fff5856a000 	C:\Windows\System32\RPCRT4.dll
0x00007fff575e0000 - 0x00007fff57781000 	C:\Windows\System32\USER32.dll
0x00007fff56570000 - 0x00007fff56592000 	C:\Windows\System32\win32u.dll
0x00007fff58250000 - 0x00007fff5827b000 	C:\Windows\System32\GDI32.dll
0x00007fff56700000 - 0x00007fff5680b000 	C:\Windows\System32\gdi32full.dll
0x00007fff56db0000 - 0x00007fff56e4d000 	C:\Windows\System32\msvcp_win.dll
0x00007fff568f0000 - 0x00007fff569f0000 	C:\Windows\System32\ucrtbase.dll
0x00007fff408f0000 - 0x00007fff40b8a000 	C:\Windows\WinSxS\amd64_microsoft.windows.common-controls_6595b64144ccf1df_6.0.19041.1110_none_60b5254171f9507e\COMCTL32.dll
0x00007fff57790000 - 0x00007fff577c0000 	C:\Windows\System32\IMM32.DLL
0x00007fff2d5b0000 - 0x00007fff2d5c5000 	C:\Program Files\Java\jdk1.8.0_301\jre\bin\vcruntime140.dll
0x00007fff2d4f0000 - 0x00007fff2d58b000 	C:\Program Files\Java\jdk1.8.0_301\jre\bin\msvcp140.dll
0x0000000071180000 - 0x00000000719e0000 	C:\Program Files\Java\jdk1.8.0_301\jre\bin\server\jvm.dll
0x00007fff577c0000 - 0x00007fff577c8000 	C:\Windows\System32\PSAPI.DLL
0x00007fff3bf40000 - 0x00007fff3bf49000 	C:\Windows\SYSTEM32\WSOCK32.dll
0x00007fff583c0000 - 0x00007fff5842b000 	C:\Windows\System32\WS2_32.dll
0x00007fff3e5d0000 - 0x00007fff3e5f7000 	C:\Windows\SYSTEM32\WINMM.dll
0x00007fff53ab0000 - 0x00007fff53aba000 	C:\Windows\SYSTEM32\VERSION.dll
0x00007fff54da0000 - 0x00007fff54db2000 	C:\Windows\SYSTEM32\kernel.appcore.dll
0x00007fff30bd0000 - 0x00007fff30be0000 	C:\Program Files\Java\jdk1.8.0_301\jre\bin\verify.dll
0x00007fff2cf00000 - 0x00007fff2cf2b000 	C:\Program Files\Java\jdk1.8.0_301\jre\bin\java.dll
0x00007fff4de90000 - 0x00007fff4dec6000 	C:\Program Files\Java\jdk1.8.0_301\jre\bin\jdwp.dll
0x00007fff53af0000 - 0x00007fff53af9000 	C:\Program Files\Java\jdk1.8.0_301\jre\bin\npt.dll
0x00007fff4d420000 - 0x00007fff4d450000 	C:\Program Files\Java\jdk1.8.0_301\jre\bin\instrument.dll
0x00007fff307f0000 - 0x00007fff30808000 	C:\Program Files\Java\jdk1.8.0_301\jre\bin\zip.dll
0x00007fff56ea0000 - 0x00007fff575df000 	C:\Windows\System32\SHELL32.dll
0x00007fff54590000 - 0x00007fff54d20000 	C:\Windows\SYSTEM32\windows.storage.dll
0x00007fff58940000 - 0x00007fff58c95000 	C:\Windows\System32\combase.dll
0x00007fff55e10000 - 0x00007fff55e3e000 	C:\Windows\SYSTEM32\Wldp.dll
0x00007fff58ca0000 - 0x00007fff58d4d000 	C:\Windows\System32\SHCORE.dll
0x00007fff58d50000 - 0x00007fff58da5000 	C:\Windows\System32\shlwapi.dll
0x00007fff564b0000 - 0x00007fff564cf000 	C:\Windows\SYSTEM32\profapi.dll
0x00007fff53ae0000 - 0x00007fff53aea000 	C:\Program Files\Java\jdk1.8.0_301\jre\bin\dt_socket.dll
0x00007fff55bf0000 - 0x00007fff55c5a000 	C:\Windows\system32\mswsock.dll
0x00007fff27d00000 - 0x00007fff27d1c000 	C:\Program Files\Java\jdk1.8.0_301\jre\bin\net.dll
0x00007fff55900000 - 0x00007fff5593b000 	C:\Windows\SYSTEM32\IPHLPAPI.DLL
0x00007fff586a0000 - 0x00007fff586a8000 	C:\Windows\System32\NSI.dll
0x00007fff4aca0000 - 0x00007fff4acb7000 	C:\Windows\SYSTEM32\dhcpcsvc6.DLL
0x00007fff4ac50000 - 0x00007fff4ac6d000 	C:\Windows\SYSTEM32\dhcpcsvc.DLL
0x00007fff55940000 - 0x00007fff55a0b000 	C:\Windows\SYSTEM32\DNSAPI.dll
0x00007fff44160000 - 0x00007fff4416a000 	C:\Windows\System32\rasadhlp.dll
0x00007fff48dd0000 - 0x00007fff48e4f000 	C:\Windows\System32\fwpuclnt.dll
0x00007fff568c0000 - 0x00007fff568e7000 	C:\Windows\System32\bcrypt.dll
0x00007fff2ee90000 - 0x00007fff2ee9d000 	C:\Program Files\Java\jdk1.8.0_301\jre\bin\management.dll
0x00007fff36200000 - 0x00007fff36217000 	C:\Windows\system32\napinsp.dll
0x00007fff361e0000 - 0x00007fff361fb000 	C:\Windows\system32\pnrpnsp.dll
0x00007fff361c0000 - 0x00007fff361d5000 	C:\Windows\system32\wshbth.dll
0x00007fff4e2f0000 - 0x00007fff4e30d000 	C:\Windows\system32\NLAapi.dll
0x00007fff361a0000 - 0x00007fff361b2000 	C:\Windows\System32\winrnr.dll
0x00007fff24d90000 - 0x00007fff24da3000 	C:\Program Files\Java\jdk1.8.0_301\jre\bin\nio.dll
0x00007fff55e50000 - 0x00007fff55e68000 	C:\Windows\SYSTEM32\CRYPTSP.dll
0x00007fff55590000 - 0x00007fff555c4000 	C:\Windows\system32\rsaenh.dll
0x00007fff56430000 - 0x00007fff5645e000 	C:\Windows\SYSTEM32\USERENV.dll
0x00007fff56cc0000 - 0x00007fff56d43000 	C:\Windows\System32\bcryptprimitives.dll
0x00007fff55d80000 - 0x00007fff55d8c000 	C:\Windows\SYSTEM32\CRYPTBASE.dll
0x00007fff543a0000 - 0x00007fff54584000 	C:\Windows\SYSTEM32\dbghelp.dll

VM Arguments:
jvm_args: -agentlib:jdwp=transport=dt_socket,address=127.0.0.1:64323,suspend=y,server=n -javaagent:C:\Users\hp\AppData\Local\JetBrains\IdeaIC2021.2\captureAgent\debugger-agent.jar -Dfile.encoding=UTF-8 
java_command: ma.itroad.aace.eth.coref.CoreRefApplication
java_class_path (initial): C:\Program Files\Java\jdk1.8.0_301\jre\lib\charsets.jar;C:\Program Files\Java\jdk1.8.0_301\jre\lib\deploy.jar;C:\Program Files\Java\jdk1.8.0_301\jre\lib\ext\access-bridge-64.jar;C:\Program Files\Java\jdk1.8.0_301\jre\lib\ext\cldrdata.jar;C:\Program Files\Java\jdk1.8.0_301\jre\lib\ext\dnsns.jar;C:\Program Files\Java\jdk1.8.0_301\jre\lib\ext\jaccess.jar;C:\Program Files\Java\jdk1.8.0_301\jre\lib\ext\jfxrt.jar;C:\Program Files\Java\jdk1.8.0_301\jre\lib\ext\localedata.jar;C:\Program Files\Java\jdk1.8.0_301\jre\lib\ext\nashorn.jar;C:\Program Files\Java\jdk1.8.0_301\jre\lib\ext\sunec.jar;C:\Program Files\Java\jdk1.8.0_301\jre\lib\ext\sunjce_provider.jar;C:\Program Files\Java\jdk1.8.0_301\jre\lib\ext\sunmscapi.jar;C:\Program Files\Java\jdk1.8.0_301\jre\lib\ext\sunpkcs11.jar;C:\Program Files\Java\jdk1.8.0_301\jre\lib\ext\zipfs.jar;C:\Program Files\Java\jdk1.8.0_301\jre\lib\javaws.jar;C:\Program Files\Java\jdk1.8.0_301\jre\lib\jce.jar;C:\Program Files\Java\jdk1.8.0_301\jre\lib\jfr.jar;C:\Program Files\Java\jdk1.8.0_301\jre\lib\jfxswt.jar;C:\Program Files\Java\jdk1.8.0_301\jre\lib\jsse.jar;C:\Program Files\Java\jdk1.8.0_301\jre\lib\management-agent.jar;C:\Program Files\Java\jdk1.8.0_301\jre\lib\plugin.jar;C:\Program Files\Java\jdk1.8.0_301\jre\lib\resources.jar;C:\Program Files\Java\jdk1.8.0_301\jre\lib\rt.jar;C:\Users\hp\Desktop\Job\AACE\eThub-back\eth-core-ref-ms\target\classes;C:\Users\hp\.m2\repository\org\springframework\boot\spring-boot-starter-actuator\2.3.5.RELEASE\spring-boot-starter-actuator-2.3.5.RELEASE.jar;C:\Users\hp\.m2\repository\org\springframework\boot\spring-boot-actuator-autoconfigure\2.3.5.RELEASE\spring-boot-actuator-autoconfigure-2.3.5.RELEASE.jar;C:\Users\hp\.m2\repository\org\springframework\boot\spring-boot-actuator\2.3.5.RELEASE\spring-boot-actuator-2.3.5.RELEASE.jar;C:\Users\hp\.m2\repository\com\fasterxml\jackson\datatype\jackson-datatype-jsr310\2.11.3\jackson-datatype-jsr310-2.11.3.jar;C:\Users\hp\.m2\repository\io\mi
Launcher Type: SUN_STANDARD

Environment Variables:
JAVA_HOME=C:\Program Files\Java\jdk1.8.0_301
PATH=C:\Program Files\Common Files\Oracle\Java\javapath;C:\Program Files (x86)\Common Files\Oracle\Java\javapath;C:\Program Files\Java\jdk1.8.0_301\bin;C:\Windows\system32;C:\Windows;C:\Windows\System32\Wbem;C:\Windows\System32\WindowsPowerShell\v1.0\;C:\Windows\System32\OpenSSH\;C:\Program Files\Git\cmd;C:\apache-maven-3.8.2\bin;C:\Program Files\nodejs\;C:\Program Files (x86)\Bitvise SSH Client;C:\Users\hp\AppData\Local\Microsoft\WindowsApps;C:\Users\hp\bin;C:\Program Files\JetBrains\WebStorm 2021.1.3\bin;;C:\Program Files\Java\jdk1.8.0_301\bin;C:\Users\hp\AppData\Roaming\npm
USERNAME=hp
OS=Windows_NT
PROCESSOR_IDENTIFIER=Intel64 Family 6 Model 78 Stepping 3, GenuineIntel



---------------  S Y S T E M  ---------------

OS: Windows 10.0 , 64 bit Build 19041 (10.0.19041.1348)

CPU:total 4 (initial active 4) (2 cores per cpu, 2 threads per core) family 6 model 78 stepping 3, cmov, cx8, fxsr, mmx, sse, sse2, sse3, ssse3, sse4.1, sse4.2, popcnt, avx, avx2, aes, clmul, erms, rtm, 3dnowpref, lzcnt, ht, tsc, tscinvbit, bmi1, bmi2, adx

Memory: 4k page, physical 8266340k(400760k free), swap 22839096k(356k free)

vm_info: Java HotSpot(TM) 64-Bit Server VM (25.301-b09) for windows-amd64 JRE (1.8.0_301-b09), built on Jun  9 2021 06:46:21 by "java_re" with MS VC++ 15.9 (VS2017)

time: Sun Dec 19 21:11:27 2021
timezone: Romance Standard Time
elapsed time: 196.277189 seconds (0d 0h 3m 16s)

