#
# There is insufficient memory for the Java Runtime Environment to continue.
# Native memory allocation (malloc) failed to allocate 439840 bytes for Chunk::new
# Possible reasons:
#   The system is out of physical RAM or swap space
#   The process is running with CompressedOops enabled, and the Java Heap may be blocking the growth of the native heap
# Possible solutions:
#   Reduce memory load on the system
#   Increase physical memory or swap space
#   Check if swap backing store is full
#   Decrease Java heap size (-Xmx/-Xms)
#   Decrease number of Java threads
#   Decrease Java thread stack sizes (-Xss)
#   Set larger code cache with -XX:ReservedCodeCacheSize=
#   JVM is running with Unscaled Compressed Oops mode in which the Java heap is
#     placed in the first 4GB address space. The Java Heap base address is the
#     maximum limit for the native heap growth. Please use -XX:HeapBaseMinAddress
#     to set the Java Heap base and to place the Java Heap above 4GB virtual address.
# This output file may be truncated or incomplete.
#
#  Out of Memory Error (allocation.cpp:389), pid=7808, tid=0x0000000000003808
#
# JRE version: Java(TM) SE Runtime Environment (8.0_301-b09) (build 1.8.0_301-b09)
# Java VM: Java HotSpot(TM) 64-Bit Server VM (25.301-b09 mixed mode windows-amd64 compressed oops)
# Failed to write core dump. Minidumps are not enabled by default on client versions of Windows
#

---------------  T H R E A D  ---------------

Current thread (0x000002811a958000):  JavaThread "C2 CompilerThread0" daemon [_thread_in_native, id=14344, stack(0x000000ad32700000,0x000000ad32800000)]

Stack: [0x000000ad32700000,0x000000ad32800000]
Native frames: (J=compiled Java code, j=interpreted, Vv=VM code, C=native code)
V  [jvm.dll+0x32ed79]
V  [jvm.dll+0x275722]
V  [jvm.dll+0x2763cd]
V  [jvm.dll+0x26ce05]
V  [jvm.dll+0xd551c]
V  [jvm.dll+0xd5d1c]
V  [jvm.dll+0x470195]
V  [jvm.dll+0x43796e]
V  [jvm.dll+0x440c55]
V  [jvm.dll+0x440015]
V  [jvm.dll+0x42ae57]
V  [jvm.dll+0xac1bb]
V  [jvm.dll+0xaa81b]
V  [jvm.dll+0x23ddc2]
V  [jvm.dll+0x2923dc]
C  [ucrtbase.dll+0x21bb2]
C  [KERNEL32.DLL+0x17034]
C  [ntdll.dll+0x52651]


Current CompileTask:
C2:  43276 6453   !   4       lombok.core.AST::buildWithField0 (121 bytes)


---------------  P R O C E S S  ---------------

Java Threads: ( => current thread )
  0x000002811f298000 JavaThread "resolver-2" daemon [_thread_blocked, id=1888, stack(0x000000ad32d00000,0x000000ad32e00000)]
  0x000002811f297800 JavaThread "resolver-1" daemon [_thread_blocked, id=17544, stack(0x000000ad32c00000,0x000000ad32d00000)]
  0x000002811a9d0000 JavaThread "Service Thread" daemon [_thread_blocked, id=23228, stack(0x000000ad32a00000,0x000000ad32b00000)]
  0x000002811a962800 JavaThread "C1 CompilerThread2" daemon [_thread_blocked, id=11604, stack(0x000000ad32900000,0x000000ad32a00000)]
  0x000002811a961000 JavaThread "C2 CompilerThread1" daemon [_thread_in_native, id=20740, stack(0x000000ad32800000,0x000000ad32900000)]
=>0x000002811a958000 JavaThread "C2 CompilerThread0" daemon [_thread_in_native, id=14344, stack(0x000000ad32700000,0x000000ad32800000)]
  0x000002811a954000 JavaThread "Attach Listener" daemon [_thread_blocked, id=4060, stack(0x000000ad32600000,0x000000ad32700000)]
  0x000002811a952800 JavaThread "Signal Dispatcher" daemon [_thread_blocked, id=15924, stack(0x000000ad32500000,0x000000ad32600000)]
  0x000002811a206800 JavaThread "Finalizer" daemon [_thread_blocked, id=8852, stack(0x000000ad32400000,0x000000ad32500000)]
  0x000002811a936800 JavaThread "Reference Handler" daemon [_thread_blocked, id=4164, stack(0x000000ad32300000,0x000000ad32400000)]
  0x00000281041f0800 JavaThread "main" [_thread_in_Java, id=18928, stack(0x000000ad31d00000,0x000000ad31e00000)]

Other Threads:
  0x000002811a912800 VMThread [stack: 0x000000ad32200000,0x000000ad32300000] [id=9868]
  0x000002811a9fc000 WatcherThread [stack: 0x000000ad32b00000,0x000000ad32c00000] [id=8280]

VM state:not at safepoint (normal execution)

VM Mutex/Monitor currently owned by a thread: None

heap address: 0x0000000081c00000, size: 2020 MB, Compressed Oops mode: 32-bit
Narrow klass base: 0x0000000000000000, Narrow klass shift: 3
Compressed class space size: 1073741824 Address: 0x0000000100000000

Heap:
 PSYoungGen      total 283648K, used 201413K [0x00000000d5f00000, 0x00000000e8900000, 0x0000000100000000)
  eden space 263680K, 68% used [0x00000000d5f00000,0x00000000e1031a40,0x00000000e6080000)
  from space 19968K, 99% used [0x00000000e6080000,0x00000000e73ffa60,0x00000000e7400000)
  to   space 18432K, 0% used [0x00000000e7400000,0x00000000e7400000,0x00000000e8600000)
 ParOldGen       total 90112K, used 55204K [0x0000000081c00000, 0x0000000087400000, 0x00000000d5f00000)
  object space 90112K, 61% used [0x0000000081c00000,0x00000000851e90b8,0x0000000087400000)
 Metaspace       used 31408K, capacity 32170K, committed 32256K, reserved 1077248K
  class space    used 3567K, capacity 3804K, committed 3840K, reserved 1048576K

Card table byte_map: [0x0000028114f40000,0x0000028115340000] byte_map_base: 0x0000028114b32000

Marking Bits: (ParMarkBitMap*) 0x0000000071967fe0
 Begin Bits: [0x00000281155f0000, 0x0000028117580000)
 End Bits:   [0x0000028117580000, 0x0000028119510000)

Polling page: 0x00000281042f0000

CodeCache: size=245760Kb used=22197Kb max_used=22197Kb free=223562Kb
 bounds [0x0000028105b80000, 0x0000028107150000, 0x0000028114b80000]
 total_blobs=6014 nmethods=5569 adapters=357
 compilation: enabled

Compilation events (10 events):
Event: 42.830 Thread 0x000002811a962800 6492       3       java.io.WinNTFileSystem::fromURIPath (89 bytes)
Event: 42.831 Thread 0x000002811a962800 nmethod 6492 0x000002810713ae10 code [0x000002810713b040, 0x000002810713bf80]
Event: 42.860 Thread 0x000002811a962800 6493       3       com.sun.tools.javac.util.Log::instance (26 bytes)
Event: 42.861 Thread 0x000002811a962800 nmethod 6493 0x0000028107131b10 code [0x0000028107131cc0, 0x0000028107132130]
Event: 42.869 Thread 0x000002811a962800 6494       1       com.sun.tools.javac.tree.JCTree$JCLambda::getBody (5 bytes)
Event: 42.869 Thread 0x000002811a962800 nmethod 6494 0x0000028107131850 code [0x00000281071319a0, 0x0000028107131ab8]
Event: 42.874 Thread 0x000002811a962800 6495       3       com.sun.tools.javac.code.Symtab::instance (26 bytes)
Event: 42.874 Thread 0x000002811a962800 nmethod 6495 0x0000028107131150 code [0x00000281071312e0, 0x0000028107131640]
Event: 42.889 Thread 0x000002811a962800 6497       2       com.sun.tools.javac.tree.TreeMaker::instance (26 bytes)
Event: 42.889 Thread 0x000002811a962800 nmethod 6497 0x000002810713c510 code [0x000002810713c680, 0x000002810713c8c0]

GC Heap History (10 events):
Event: 14.975 GC heap before
{Heap before GC invocations=6 (full 0):
 PSYoungGen      total 71680K, used 71648K [0x00000000d5f00000, 0x00000000df900000, 0x0000000100000000)
  eden space 66560K, 100% used [0x00000000d5f00000,0x00000000da000000,0x00000000da000000)
  from space 5120K, 99% used [0x00000000da000000,0x00000000da4f8020,0x00000000da500000)
  to   space 12288K, 0% used [0x00000000ded00000,0x00000000ded00000,0x00000000df900000)
 ParOldGen       total 87552K, used 13358K [0x0000000081c00000, 0x0000000087180000, 0x00000000d5f00000)
  object space 87552K, 15% used [0x0000000081c00000,0x000000008290bad8,0x0000000087180000)
 Metaspace       used 16393K, capacity 16698K, committed 16896K, reserved 1064960K
  class space    used 1862K, capacity 1954K, committed 2048K, reserved 1048576K
Event: 15.019 GC heap after
Heap after GC invocations=6 (full 0):
 PSYoungGen      total 144896K, used 9568K [0x00000000d5f00000, 0x00000000dfa00000, 0x0000000100000000)
  eden space 132608K, 0% used [0x00000000d5f00000,0x00000000d5f00000,0x00000000de080000)
  from space 12288K, 77% used [0x00000000ded00000,0x00000000df658270,0x00000000df900000)
  to   space 12800K, 0% used [0x00000000de080000,0x00000000de080000,0x00000000ded00000)
 ParOldGen       total 87552K, used 13358K [0x0000000081c00000, 0x0000000087180000, 0x00000000d5f00000)
  object space 87552K, 15% used [0x0000000081c00000,0x000000008290bad8,0x0000000087180000)
 Metaspace       used 16393K, capacity 16698K, committed 16896K, reserved 1064960K
  class space    used 1862K, capacity 1954K, committed 2048K, reserved 1048576K
}
Event: 19.396 GC heap before
{Heap before GC invocations=7 (full 0):
 PSYoungGen      total 144896K, used 142176K [0x00000000d5f00000, 0x00000000dfa00000, 0x0000000100000000)
  eden space 132608K, 100% used [0x00000000d5f00000,0x00000000de080000,0x00000000de080000)
  from space 12288K, 77% used [0x00000000ded00000,0x00000000df658270,0x00000000df900000)
  to   space 12800K, 0% used [0x00000000de080000,0x00000000de080000,0x00000000ded00000)
 ParOldGen       total 87552K, used 13358K [0x0000000081c00000, 0x0000000087180000, 0x00000000d5f00000)
  object space 87552K, 15% used [0x0000000081c00000,0x000000008290bad8,0x0000000087180000)
 Metaspace       used 17480K, capacity 17918K, committed 18048K, reserved 1064960K
  class space    used 1973K, capacity 2124K, committed 2176K, reserved 1048576K
Event: 19.486 GC heap after
Heap after GC invocations=7 (full 0):
 PSYoungGen      total 145408K, used 12784K [0x00000000d5f00000, 0x00000000e8600000, 0x0000000100000000)
  eden space 132608K, 0% used [0x00000000d5f00000,0x00000000d5f00000,0x00000000de080000)
  from space 12800K, 99% used [0x00000000de080000,0x00000000decfc010,0x00000000ded00000)
  to   space 18432K, 0% used [0x00000000e7400000,0x00000000e7400000,0x00000000e8600000)
 ParOldGen       total 87552K, used 21466K [0x0000000081c00000, 0x0000000087180000, 0x00000000d5f00000)
  object space 87552K, 24% used [0x0000000081c00000,0x00000000830f69f8,0x0000000087180000)
 Metaspace       used 17480K, capacity 17918K, committed 18048K, reserved 1064960K
  class space    used 1973K, capacity 2124K, committed 2176K, reserved 1048576K
}
Event: 23.705 GC heap before
{Heap before GC invocations=8 (full 0):
 PSYoungGen      total 145408K, used 97819K [0x00000000d5f00000, 0x00000000e8600000, 0x0000000100000000)
  eden space 132608K, 64% used [0x00000000d5f00000,0x00000000db20ae40,0x00000000de080000)
  from space 12800K, 99% used [0x00000000de080000,0x00000000decfc010,0x00000000ded00000)
  to   space 18432K, 0% used [0x00000000e7400000,0x00000000e7400000,0x00000000e8600000)
 ParOldGen       total 87552K, used 21466K [0x0000000081c00000, 0x0000000087180000, 0x00000000d5f00000)
  object space 87552K, 24% used [0x0000000081c00000,0x00000000830f69f8,0x0000000087180000)
 Metaspace       used 20621K, capacity 21110K, committed 21248K, reserved 1069056K
  class space    used 2345K, capacity 2484K, committed 2560K, reserved 1048576K
Event: 23.732 GC heap after
Heap after GC invocations=8 (full 0):
 PSYoungGen      total 282112K, used 15744K [0x00000000d5f00000, 0x00000000e8900000, 0x0000000100000000)
  eden space 263680K, 0% used [0x00000000d5f00000,0x00000000d5f00000,0x00000000e6080000)
  from space 18432K, 85% used [0x00000000e7400000,0x00000000e83600b8,0x00000000e8600000)
  to   space 19968K, 0% used [0x00000000e6080000,0x00000000e6080000,0x00000000e7400000)
 ParOldGen       total 87552K, used 22434K [0x0000000081c00000, 0x0000000087180000, 0x00000000d5f00000)
  object space 87552K, 25% used [0x0000000081c00000,0x00000000831e8a08,0x0000000087180000)
 Metaspace       used 20621K, capacity 21110K, committed 21248K, reserved 1069056K
  class space    used 2345K, capacity 2484K, committed 2560K, reserved 1048576K
}
Event: 23.732 GC heap before
{Heap before GC invocations=9 (full 1):
 PSYoungGen      total 282112K, used 15744K [0x00000000d5f00000, 0x00000000e8900000, 0x0000000100000000)
  eden space 263680K, 0% used [0x00000000d5f00000,0x00000000d5f00000,0x00000000e6080000)
  from space 18432K, 85% used [0x00000000e7400000,0x00000000e83600b8,0x00000000e8600000)
  to   space 19968K, 0% used [0x00000000e6080000,0x00000000e6080000,0x00000000e7400000)
 ParOldGen       total 87552K, used 22434K [0x0000000081c00000, 0x0000000087180000, 0x00000000d5f00000)
  object space 87552K, 25% used [0x0000000081c00000,0x00000000831e8a08,0x0000000087180000)
 Metaspace       used 20621K, capacity 21110K, committed 21248K, reserved 1069056K
  class space    used 2345K, capacity 2484K, committed 2560K, reserved 1048576K
Event: 24.103 GC heap after
Heap after GC invocations=9 (full 1):
 PSYoungGen      total 282112K, used 0K [0x00000000d5f00000, 0x00000000e8900000, 0x0000000100000000)
  eden space 263680K, 0% used [0x00000000d5f00000,0x00000000d5f00000,0x00000000e6080000)
  from space 18432K, 0% used [0x00000000e7400000,0x00000000e7400000,0x00000000e8600000)
  to   space 19968K, 0% used [0x00000000e6080000,0x00000000e6080000,0x00000000e7400000)
 ParOldGen       total 90112K, used 30836K [0x0000000081c00000, 0x0000000087400000, 0x00000000d5f00000)
  object space 90112K, 34% used [0x0000000081c00000,0x0000000083a1d128,0x0000000087400000)
 Metaspace       used 20621K, capacity 21110K, committed 21248K, reserved 1069056K
  class space    used 2345K, capacity 2484K, committed 2560K, reserved 1048576K
}
Event: 33.695 GC heap before
{Heap before GC invocations=10 (full 1):
 PSYoungGen      total 282112K, used 263680K [0x00000000d5f00000, 0x00000000e8900000, 0x0000000100000000)
  eden space 263680K, 100% used [0x00000000d5f00000,0x00000000e6080000,0x00000000e6080000)
  from space 18432K, 0% used [0x00000000e7400000,0x00000000e7400000,0x00000000e8600000)
  to   space 19968K, 0% used [0x00000000e6080000,0x00000000e6080000,0x00000000e7400000)
 ParOldGen       total 90112K, used 30836K [0x0000000081c00000, 0x0000000087400000, 0x00000000d5f00000)
  object space 90112K, 34% used [0x0000000081c00000,0x0000000083a1d128,0x0000000087400000)
 Metaspace       used 28968K, capacity 29588K, committed 29696K, reserved 1075200K
  class space    used 3355K, capacity 3565K, committed 3584K, reserved 1048576K
Event: 34.050 GC heap after
Heap after GC invocations=10 (full 1):
 PSYoungGen      total 283648K, used 19966K [0x00000000d5f00000, 0x00000000e8900000, 0x0000000100000000)
  eden space 263680K, 0% used [0x00000000d5f00000,0x00000000d5f00000,0x00000000e6080000)
  from space 19968K, 99% used [0x00000000e6080000,0x00000000e73ffa60,0x00000000e7400000)
  to   space 18432K, 0% used [0x00000000e7400000,0x00000000e7400000,0x00000000e8600000)
 ParOldGen       total 90112K, used 55204K [0x0000000081c00000, 0x0000000087400000, 0x00000000d5f00000)
  object space 90112K, 61% used [0x0000000081c00000,0x00000000851e90b8,0x0000000087400000)
 Metaspace       used 28968K, capacity 29588K, committed 29696K, reserved 1075200K
  class space    used 3355K, capacity 3565K, committed 3584K, reserved 1048576K
}

Deoptimization events (10 events):
Event: 42.491 Thread 0x00000281041f0800 Uncommon trap: reason=class_check action=maybe_recompile pc=0x0000028105ead680 method=java.util.Collections$UnmodifiableMap$UnmodifiableEntrySet$UnmodifiableEntry.getValue()Ljava/lang/Object; @ 4
Event: 42.491 Thread 0x00000281041f0800 Uncommon trap: reason=class_check action=maybe_recompile pc=0x0000028105c91acc method=java.util.Collections$UnmodifiableMap$UnmodifiableEntrySet$1.hasNext()Z @ 4
Event: 42.491 Thread 0x00000281041f0800 Uncommon trap: reason=class_check action=maybe_recompile pc=0x0000028105e134e4 method=java.util.Collections$UnmodifiableMap$UnmodifiableEntrySet$1.next()Ljava/util/Map$Entry; @ 8
Event: 42.491 Thread 0x00000281041f0800 Uncommon trap: reason=class_check action=maybe_recompile pc=0x0000028105e34180 method=java.util.Collections$UnmodifiableMap$UnmodifiableEntrySet$UnmodifiableEntry.getKey()Ljava/lang/Object; @ 4
Event: 42.491 Thread 0x00000281041f0800 Uncommon trap: reason=class_check action=maybe_recompile pc=0x0000028105ead680 method=java.util.Collections$UnmodifiableMap$UnmodifiableEntrySet$UnmodifiableEntry.getValue()Ljava/lang/Object; @ 4
Event: 42.491 Thread 0x00000281041f0800 Uncommon trap: reason=class_check action=maybe_recompile pc=0x0000028105c91acc method=java.util.Collections$UnmodifiableMap$UnmodifiableEntrySet$1.hasNext()Z @ 4
Event: 42.491 Thread 0x00000281041f0800 Uncommon trap: reason=class_check action=maybe_recompile pc=0x0000028105e134e4 method=java.util.Collections$UnmodifiableMap$UnmodifiableEntrySet$1.next()Ljava/util/Map$Entry; @ 8
Event: 42.491 Thread 0x00000281041f0800 Uncommon trap: reason=class_check action=maybe_recompile pc=0x0000028105e34180 method=java.util.Collections$UnmodifiableMap$UnmodifiableEntrySet$UnmodifiableEntry.getKey()Ljava/lang/Object; @ 4
Event: 42.491 Thread 0x00000281041f0800 Uncommon trap: reason=class_check action=maybe_recompile pc=0x0000028105ead680 method=java.util.Collections$UnmodifiableMap$UnmodifiableEntrySet$UnmodifiableEntry.getValue()Ljava/lang/Object; @ 4
Event: 42.495 Thread 0x00000281041f0800 Uncommon trap: reason=unstable_if action=reinterpret pc=0x0000028106c056cc method=java.io.WinNTFileSystem.resolve(Ljava/lang/String;Ljava/lang/String;)Ljava/lang/String; @ 117

Classes redefined (0 events):
No events

Internal exceptions (10 events):
Event: 33.201 Thread 0x00000281041f0800 Exception <a 'java/io/FileNotFoundException'> (0x00000000e544e880) thrown at [C:\jenkins\workspace\8-2-build-windows-amd64-cygwin\jdk8u301\1513\hotspot\src\share\vm\prims\jni.cpp, line 710]
Event: 33.202 Thread 0x00000281041f0800 Exception <a 'java/io/FileNotFoundException'> (0x00000000e544f8a0) thrown at [C:\jenkins\workspace\8-2-build-windows-amd64-cygwin\jdk8u301\1513\hotspot\src\share\vm\prims\jni.cpp, line 710]
Event: 33.202 Thread 0x00000281041f0800 Exception <a 'java/io/FileNotFoundException'> (0x00000000e5450848) thrown at [C:\jenkins\workspace\8-2-build-windows-amd64-cygwin\jdk8u301\1513\hotspot\src\share\vm\prims\jni.cpp, line 710]
Event: 33.202 Thread 0x00000281041f0800 Exception <a 'java/io/FileNotFoundException'> (0x00000000e5451820) thrown at [C:\jenkins\workspace\8-2-build-windows-amd64-cygwin\jdk8u301\1513\hotspot\src\share\vm\prims\jni.cpp, line 710]
Event: 33.202 Thread 0x00000281041f0800 Exception <a 'java/io/FileNotFoundException'> (0x00000000e54527d8) thrown at [C:\jenkins\workspace\8-2-build-windows-amd64-cygwin\jdk8u301\1513\hotspot\src\share\vm\prims\jni.cpp, line 710]
Event: 33.202 Thread 0x00000281041f0800 Exception <a 'java/io/FileNotFoundException'> (0x00000000e54537c8) thrown at [C:\jenkins\workspace\8-2-build-windows-amd64-cygwin\jdk8u301\1513\hotspot\src\share\vm\prims\jni.cpp, line 710]
Event: 33.202 Thread 0x00000281041f0800 Exception <a 'java/io/FileNotFoundException'> (0x00000000e54547f8) thrown at [C:\jenkins\workspace\8-2-build-windows-amd64-cygwin\jdk8u301\1513\hotspot\src\share\vm\prims\jni.cpp, line 710]
Event: 41.886 Thread 0x00000281041f0800 Implicit null exception at 0x0000028106265b31 to 0x0000028106265f39
Event: 41.892 Thread 0x00000281041f0800 Implicit null exception at 0x00000281061d3f15 to 0x00000281061d410d
Event: 41.902 Thread 0x00000281041f0800 Implicit null exception at 0x0000028105ec18ef to 0x0000028105ec1959

Events (10 events):
Event: 42.808 Thread 0x00000281041f0800 DEOPT PACKING pc=0x00000281070ff78f sp=0x000000ad31dfb400
Event: 42.808 Thread 0x00000281041f0800 DEOPT UNPACKING pc=0x0000028105bc7898 sp=0x000000ad31dfb140 mode 0
Event: 42.850 Thread 0x00000281041f0800 DEOPT PACKING pc=0x00000281070ff78f sp=0x000000ad31dfb580
Event: 42.850 Thread 0x00000281041f0800 DEOPT UNPACKING pc=0x0000028105bc7898 sp=0x000000ad31dfb2c0 mode 0
Event: 42.854 Thread 0x00000281041f0800 DEOPT PACKING pc=0x00000281070ff78f sp=0x000000ad31dfc640
Event: 42.854 Thread 0x00000281041f0800 DEOPT UNPACKING pc=0x0000028105bc7898 sp=0x000000ad31dfc380 mode 0
Event: 42.868 Thread 0x00000281041f0800 DEOPT PACKING pc=0x00000281070ff78f sp=0x000000ad31df9980
Event: 42.868 Thread 0x00000281041f0800 DEOPT UNPACKING pc=0x0000028105bc7898 sp=0x000000ad31df96c0 mode 0
Event: 42.885 Thread 0x00000281041f0800 DEOPT PACKING pc=0x00000281070ff78f sp=0x000000ad31dfabd0
Event: 42.885 Thread 0x00000281041f0800 DEOPT UNPACKING pc=0x0000028105bc7898 sp=0x000000ad31dfa910 mode 0


Dynamic libraries:
0x00007ff6a1c50000 - 0x00007ff6a1c97000 	C:\Program Files\Java\jdk1.8.0_301\bin\java.exe
0x00007fff58e50000 - 0x00007fff59045000 	C:\Windows\SYSTEM32\ntdll.dll
0x00007fff57880000 - 0x00007fff5793e000 	C:\Windows\System32\KERNEL32.DLL
0x00007fff569f0000 - 0x00007fff56cb8000 	C:\Windows\System32\KERNELBASE.dll
0x00007fff577d0000 - 0x00007fff5787c000 	C:\Windows\System32\ADVAPI32.dll
0x00007fff58570000 - 0x00007fff5860e000 	C:\Windows\System32\msvcrt.dll
0x00007fff58710000 - 0x00007fff587ab000 	C:\Windows\System32\sechost.dll
0x00007fff58440000 - 0x00007fff5856a000 	C:\Windows\System32\RPCRT4.dll
0x00007fff575e0000 - 0x00007fff57781000 	C:\Windows\System32\USER32.dll
0x00007fff56570000 - 0x00007fff56592000 	C:\Windows\System32\win32u.dll
0x00007fff58250000 - 0x00007fff5827b000 	C:\Windows\System32\GDI32.dll
0x00007fff56700000 - 0x00007fff5680b000 	C:\Windows\System32\gdi32full.dll
0x00007fff56db0000 - 0x00007fff56e4d000 	C:\Windows\System32\msvcp_win.dll
0x00007fff568f0000 - 0x00007fff569f0000 	C:\Windows\System32\ucrtbase.dll
0x00007fff408f0000 - 0x00007fff40b8a000 	C:\Windows\WinSxS\amd64_microsoft.windows.common-controls_6595b64144ccf1df_6.0.19041.1110_none_60b5254171f9507e\COMCTL32.dll
0x00007fff57790000 - 0x00007fff577c0000 	C:\Windows\System32\IMM32.DLL
0x00007fff2d5b0000 - 0x00007fff2d5c5000 	C:\Program Files\Java\jdk1.8.0_301\jre\bin\vcruntime140.dll
0x00007fff2d4f0000 - 0x00007fff2d58b000 	C:\Program Files\Java\jdk1.8.0_301\jre\bin\msvcp140.dll
0x0000000071180000 - 0x00000000719e0000 	C:\Program Files\Java\jdk1.8.0_301\jre\bin\server\jvm.dll
0x00007fff577c0000 - 0x00007fff577c8000 	C:\Windows\System32\PSAPI.DLL
0x00007fff3bf40000 - 0x00007fff3bf49000 	C:\Windows\SYSTEM32\WSOCK32.dll
0x00007fff583c0000 - 0x00007fff5842b000 	C:\Windows\System32\WS2_32.dll
0x00007fff3e5d0000 - 0x00007fff3e5f7000 	C:\Windows\SYSTEM32\WINMM.dll
0x00007fff53ab0000 - 0x00007fff53aba000 	C:\Windows\SYSTEM32\VERSION.dll
0x00007fff54da0000 - 0x00007fff54db2000 	C:\Windows\SYSTEM32\kernel.appcore.dll
0x00007fff30bd0000 - 0x00007fff30be0000 	C:\Program Files\Java\jdk1.8.0_301\jre\bin\verify.dll
0x00007fff2cf00000 - 0x00007fff2cf2b000 	C:\Program Files\Java\jdk1.8.0_301\jre\bin\java.dll
0x00007fff307f0000 - 0x00007fff30808000 	C:\Program Files\Java\jdk1.8.0_301\jre\bin\zip.dll
0x00007fff56ea0000 - 0x00007fff575df000 	C:\Windows\System32\SHELL32.dll
0x00007fff54590000 - 0x00007fff54d20000 	C:\Windows\SYSTEM32\windows.storage.dll
0x00007fff58940000 - 0x00007fff58c95000 	C:\Windows\System32\combase.dll
0x00007fff55e10000 - 0x00007fff55e3e000 	C:\Windows\SYSTEM32\Wldp.dll
0x00007fff58ca0000 - 0x00007fff58d4d000 	C:\Windows\System32\SHCORE.dll
0x00007fff58d50000 - 0x00007fff58da5000 	C:\Windows\System32\shlwapi.dll
0x00007fff564b0000 - 0x00007fff564cf000 	C:\Windows\SYSTEM32\profapi.dll
0x0000000069ac0000 - 0x0000000069ae4000 	C:\Users\hp\AppData\Local\Temp\jansi-2.3.4-458b0dcf362dca8c-jansi.dll
0x00007fff27d00000 - 0x00007fff27d1c000 	C:\Program Files\Java\jdk1.8.0_301\jre\bin\net.dll
0x00007fff55bf0000 - 0x00007fff55c5a000 	C:\Windows\system32\mswsock.dll
0x00007fff24d90000 - 0x00007fff24da3000 	C:\Program Files\Java\jdk1.8.0_301\jre\bin\nio.dll
0x00007fff543a0000 - 0x00007fff54584000 	C:\Windows\SYSTEM32\dbghelp.dll
0x00007fff56cc0000 - 0x00007fff56d43000 	C:\Windows\System32\bcryptPrimitives.dll

VM Arguments:
jvm_args: -Dclassworlds.conf=C:\apache-maven-3.8.2\bin\m2.conf -Dmaven.home=C:\apache-maven-3.8.2 -Dmaven.multiModuleProjectDirectory=C:\Users\hp\Desktop\Job\AACE\eThub-back\eth-core-ref-ms 
java_command: org.codehaus.plexus.classworlds.launcher.Launcher clean install -DskipTests
java_class_path (initial): C:\apache-maven-3.8.2\boot\plexus-classworlds-2.6.0.jar
Launcher Type: SUN_STANDARD

Environment Variables:
JAVA_HOME=C:\Program Files\Java\jdk1.8.0_301
PATH=C:\Program Files\Common Files\Oracle\Java\javapath;C:\Program Files (x86)\Common Files\Oracle\Java\javapath;C:\Program Files\Java\jdk1.8.0_301\bin;C:\Windows\system32;C:\Windows;C:\Windows\System32\Wbem;C:\Windows\System32\WindowsPowerShell\v1.0\;C:\Windows\System32\OpenSSH\;C:\Program Files\Git\cmd;C:\apache-maven-3.8.2\bin;C:\Program Files\nodejs\;C:\Program Files (x86)\Bitvise SSH Client;C:\Users\hp\AppData\Local\Microsoft\WindowsApps;C:\Users\hp\bin;C:\Program Files\JetBrains\WebStorm 2021.1.3\bin;;C:\Program Files\Java\jdk1.8.0_301\bin;C:\Users\hp\AppData\Roaming\npm
USERNAME=hp
OS=Windows_NT
PROCESSOR_IDENTIFIER=Intel64 Family 6 Model 78 Stepping 3, GenuineIntel



---------------  S Y S T E M  ---------------

OS: Windows 10.0 , 64 bit Build 19041 (10.0.19041.1348)

CPU:total 4 (initial active 4) (2 cores per cpu, 2 threads per core) family 6 model 78 stepping 3, cmov, cx8, fxsr, mmx, sse, sse2, sse3, ssse3, sse4.1, sse4.2, popcnt, avx, avx2, aes, clmul, erms, rtm, 3dnowpref, lzcnt, ht, tsc, tscinvbit, bmi1, bmi2, adx

Memory: 4k page, physical 8266340k(413708k free), swap 22839096k(6944k free)

vm_info: Java HotSpot(TM) 64-Bit Server VM (25.301-b09) for windows-amd64 JRE (1.8.0_301-b09), built on Jun  9 2021 06:46:21 by "java_re" with MS VC++ 15.9 (VS2017)

time: Tue Dec 21 15:05:48 2021
timezone: Romance Standard Time
elapsed time: 43.289201 seconds (0d 0h 0m 43s)

