#
# There is insufficient memory for the Java Runtime Environment to continue.
# Native memory allocation (malloc) failed to allocate 1048576 bytes for AllocateHeap
# Possible reasons:
#   The system is out of physical RAM or swap space
#   The process is running with CompressedOops enabled, and the Java Heap may be blocking the growth of the native heap
# Possible solutions:
#   Reduce memory load on the system
#   Increase physical memory or swap space
#   Check if swap backing store is full
#   Decrease Java heap size (-Xmx/-Xms)
#   Decrease number of Java threads
#   Decrease Java thread stack sizes (-Xss)
#   Set larger code cache with -XX:ReservedCodeCacheSize=
#   JVM is running with Unscaled Compressed Oops mode in which the Java heap is
#     placed in the first 4GB address space. The Java Heap base address is the
#     maximum limit for the native heap growth. Please use -XX:HeapBaseMinAddress
#     to set the Java Heap base and to place the Java Heap above 4GB virtual address.
# This output file may be truncated or incomplete.
#
#  Out of Memory Error (memory/allocation.inline.hpp:61), pid=2856, tid=0x0000000000002da0
#
# JRE version:  (8.0_301-b09) (build )
# Java VM: Java HotSpot(TM) 64-Bit Server VM (25.301-b09 mixed mode windows-amd64 compressed oops)
# Failed to write core dump. Minidumps are not enabled by default on client versions of Windows
#

---------------  T H R E A D  ---------------

Current thread (0x00000217efbb2000):  JavaThread "Unknown thread" [_thread_in_vm, id=11680, stack(0x0000008d22900000,0x0000008d22a00000)]

Stack: [0x0000008d22900000,0x0000008d22a00000]
Native frames: (J=compiled Java code, j=interpreted, Vv=VM code, C=native code)
V  [jvm.dll+0x32ed79]
V  [jvm.dll+0x275722]
V  [jvm.dll+0x2763cd]
V  [jvm.dll+0x26ce05]
V  [jvm.dll+0x509d]
V  [jvm.dll+0x3c9fec]
V  [jvm.dll+0x3c6367]
V  [jvm.dll+0xfcdcf]
V  [jvm.dll+0x20a0bb]
V  [jvm.dll+0x238ae7]
V  [jvm.dll+0x162876]
C  [java.exe+0x2312]
C  [java.exe+0x15f54]
C  [KERNEL32.DLL+0x17034]
C  [ntdll.dll+0x52651]


---------------  P R O C E S S  ---------------

Java Threads: ( => current thread )

Other Threads:

=>0x00000217efbb2000 (exited) JavaThread "Unknown thread" [_thread_in_vm, id=11680, stack(0x0000008d22900000,0x0000008d22a00000)]

VM state:not at safepoint (normal execution)

VM Mutex/Monitor currently owned by a thread: None

heap address: 0x0000000081c00000, size: 2020 MB, Compressed Oops mode: 32-bit
Narrow klass base: 0x0000000000000000, Narrow klass shift: 3
Compressed class space size: 1073741824 Address: 0x0000000100000000

Heap:
 PSYoungGen      total 38400K, used 665K [0x00000000d5f00000, 0x00000000d8980000, 0x0000000100000000)
  eden space 33280K, 2% used [0x00000000d5f00000,0x00000000d5fa6670,0x00000000d7f80000)
  from space 5120K, 0% used [0x00000000d8480000,0x00000000d8480000,0x00000000d8980000)
  to   space 5120K, 0% used [0x00000000d7f80000,0x00000000d7f80000,0x00000000d8480000)
 ParOldGen       total 87552K, used 0K [0x0000000081c00000, 0x0000000087180000, 0x00000000d5f00000)
  object space 87552K, 0% used [0x0000000081c00000,0x0000000081c00000,0x0000000087180000)
 Metaspace       used 792K, capacity 1156K, committed 1408K, reserved 1060864K
  class space    used 76K, capacity 384K, committed 384K, reserved 1048576K

Card table byte_map: [0x00000217f18e0000,0x00000217f1ce0000] byte_map_base: 0x00000217f14d2000

Marking Bits: (ParMarkBitMap*) 0x0000000071967fe0
 Begin Bits: [0x00000217f1f90000, 0x00000217f3f20000)
 End Bits:   [0x00000217f3f20000, 0x00000217f5eb0000)

Polling page: 0x00000217efce0000

CodeCache: size=245760Kb used=328Kb max_used=328Kb free=245431Kb
 bounds [0x0000021780000000, 0x0000021780270000, 0x000002178f000000]
 total_blobs=58 nmethods=0 adapters=38
 compilation: enabled

Compilation events (0 events):
No events

GC Heap History (0 events):
No events

Deoptimization events (0 events):
No events

Classes redefined (0 events):
No events

Internal exceptions (0 events):
No events

Events (10 events):
Event: 0.060 loading class java/lang/Short
Event: 0.060 loading class java/lang/Short done
Event: 0.060 loading class java/lang/Integer
Event: 0.060 loading class java/lang/Integer done
Event: 0.060 loading class java/lang/Long
Event: 0.060 loading class java/lang/Long done
Event: 0.061 loading class java/lang/NullPointerException
Event: 0.061 loading class java/lang/NullPointerException done
Event: 0.061 loading class java/lang/ArithmeticException
Event: 0.061 loading class java/lang/ArithmeticException done


Dynamic libraries:
0x00007ff6a1c50000 - 0x00007ff6a1c97000 	C:\Program Files\Java\jdk1.8.0_301\bin\java.exe
0x00007fff58e50000 - 0x00007fff59045000 	C:\Windows\SYSTEM32\ntdll.dll
0x00007fff57880000 - 0x00007fff5793e000 	C:\Windows\System32\KERNEL32.DLL
0x00007fff569f0000 - 0x00007fff56cb8000 	C:\Windows\System32\KERNELBASE.dll
0x00007fff577d0000 - 0x00007fff5787c000 	C:\Windows\System32\ADVAPI32.dll
0x00007fff58570000 - 0x00007fff5860e000 	C:\Windows\System32\msvcrt.dll
0x00007fff58710000 - 0x00007fff587ab000 	C:\Windows\System32\sechost.dll
0x00007fff58440000 - 0x00007fff5856a000 	C:\Windows\System32\RPCRT4.dll
0x00007fff575e0000 - 0x00007fff57781000 	C:\Windows\System32\USER32.dll
0x00007fff56570000 - 0x00007fff56592000 	C:\Windows\System32\win32u.dll
0x00007fff58250000 - 0x00007fff5827b000 	C:\Windows\System32\GDI32.dll
0x00007fff56700000 - 0x00007fff5680b000 	C:\Windows\System32\gdi32full.dll
0x00007fff56db0000 - 0x00007fff56e4d000 	C:\Windows\System32\msvcp_win.dll
0x00007fff568f0000 - 0x00007fff569f0000 	C:\Windows\System32\ucrtbase.dll
0x00007fff408f0000 - 0x00007fff40b8a000 	C:\Windows\WinSxS\amd64_microsoft.windows.common-controls_6595b64144ccf1df_6.0.19041.1110_none_60b5254171f9507e\COMCTL32.dll
0x00007fff57790000 - 0x00007fff577c0000 	C:\Windows\System32\IMM32.DLL
0x00007fff2d5b0000 - 0x00007fff2d5c5000 	C:\Program Files\Java\jdk1.8.0_301\jre\bin\vcruntime140.dll
0x00007fff2d4f0000 - 0x00007fff2d58b000 	C:\Program Files\Java\jdk1.8.0_301\jre\bin\msvcp140.dll
0x0000000071180000 - 0x00000000719e0000 	C:\Program Files\Java\jdk1.8.0_301\jre\bin\server\jvm.dll
0x00007fff577c0000 - 0x00007fff577c8000 	C:\Windows\System32\PSAPI.DLL
0x00007fff3bf40000 - 0x00007fff3bf49000 	C:\Windows\SYSTEM32\WSOCK32.dll
0x00007fff3e5d0000 - 0x00007fff3e5f7000 	C:\Windows\SYSTEM32\WINMM.dll
0x00007fff53ab0000 - 0x00007fff53aba000 	C:\Windows\SYSTEM32\VERSION.dll
0x00007fff583c0000 - 0x00007fff5842b000 	C:\Windows\System32\WS2_32.dll
0x00007fff54da0000 - 0x00007fff54db2000 	C:\Windows\SYSTEM32\kernel.appcore.dll
0x00007fff30bd0000 - 0x00007fff30be0000 	C:\Program Files\Java\jdk1.8.0_301\jre\bin\verify.dll
0x00007fff2cf00000 - 0x00007fff2cf2b000 	C:\Program Files\Java\jdk1.8.0_301\jre\bin\java.dll
0x00007fff307f0000 - 0x00007fff30808000 	C:\Program Files\Java\jdk1.8.0_301\jre\bin\zip.dll
0x00007fff543a0000 - 0x00007fff54584000 	C:\Windows\SYSTEM32\dbghelp.dll
0x00007fff56cc0000 - 0x00007fff56d43000 	C:\Windows\System32\bcryptPrimitives.dll

VM Arguments:
jvm_args: -Dclassworlds.conf=C:\apache-maven-3.8.2\bin\m2.conf -Dmaven.home=C:\apache-maven-3.8.2 -Dmaven.multiModuleProjectDirectory=C:\Users\hp\Desktop\Job\AACE\eThub-back\eth-core-ref-ms 
java_command: org.codehaus.plexus.classworlds.launcher.Launcher clean install -DskipTests
java_class_path (initial): C:\apache-maven-3.8.2\boot\plexus-classworlds-2.6.0.jar
Launcher Type: SUN_STANDARD

Environment Variables:
JAVA_HOME=C:\Program Files\Java\jdk1.8.0_301
PATH=C:\Program Files\Common Files\Oracle\Java\javapath;C:\Program Files (x86)\Common Files\Oracle\Java\javapath;C:\Program Files\Java\jdk1.8.0_301\bin;C:\Windows\system32;C:\Windows;C:\Windows\System32\Wbem;C:\Windows\System32\WindowsPowerShell\v1.0\;C:\Windows\System32\OpenSSH\;C:\Program Files\Git\cmd;C:\apache-maven-3.8.2\bin;C:\Program Files\nodejs\;C:\Program Files (x86)\Bitvise SSH Client;C:\Users\hp\AppData\Local\Microsoft\WindowsApps;C:\Users\hp\bin;C:\Program Files\JetBrains\WebStorm 2021.1.3\bin;;C:\Program Files\Java\jdk1.8.0_301\bin;C:\Users\hp\AppData\Roaming\npm
USERNAME=hp
OS=Windows_NT
PROCESSOR_IDENTIFIER=Intel64 Family 6 Model 78 Stepping 3, GenuineIntel



---------------  S Y S T E M  ---------------

OS: Windows 10.0 , 64 bit Build 19041 (10.0.19041.1348)

CPU:total 4 (initial active 4) (2 cores per cpu, 2 threads per core) family 6 model 78 stepping 3, cmov, cx8, fxsr, mmx, sse, sse2, sse3, ssse3, sse4.1, sse4.2, popcnt, avx, avx2, aes, clmul, erms, rtm, 3dnowpref, lzcnt, ht, tsc, tscinvbit, bmi1, bmi2, adx

Memory: 4k page, physical 8266340k(472000k free), swap 22839096k(5160k free)

vm_info: Java HotSpot(TM) 64-Bit Server VM (25.301-b09) for windows-amd64 JRE (1.8.0_301-b09), built on Jun  9 2021 06:46:21 by "java_re" with MS VC++ 15.9 (VS2017)

time: Tue Dec 21 15:04:03 2021
timezone: Romance Standard Time
elapsed time: 0.136728 seconds (0d 0h 0m 0s)

